<?xml version="1.0" encoding="utf-8"?>
<test-run id="2" testcasecount="777" result="Skipped:Ignored" total="777" passed="776" failed="0" inconclusive="0" skipped="1" asserts="0" engine-version="3.5.0.0" clr-version="4.0.30319.42000" start-time="2026-07-03 16:39:53Z" end-time="2026-07-03 16:40:00Z" duration="7.2583404">
  <test-suite type="TestSuite" id="1000" name="Now-UI-Unity" fullname="Now-UI-Unity" runstate="Runnable" testcasecount="777" result="Skipped" label="Ignored" start-time="2026-07-03 16:39:53Z" end-time="2026-07-03 16:40:00Z" duration="7.258340" total="777" passed="776" failed="0" inconclusive="0" skipped="1" asserts="0">
    <properties>
      <property name="platform" value="EditMode" />
    </properties>
    <reason>
      <message><![CDATA[One or more child tests were ignored]]></message>
    </reason>
    <test-suite type="Assembly" id="1822" name="Tests.dll" fullname="C:/wkspaces/unity/Now-UI/Library/ScriptAssemblies/Tests.dll" runstate="Runnable" testcasecount="777" result="Skipped" label="Ignored" start-time="2026-07-03 16:39:53Z" end-time="2026-07-03 16:40:00Z" duration="7.253424" total="777" passed="776" failed="0" inconclusive="0" skipped="1" asserts="0">
      <properties>
        <property name="_PID" value="34512" />
        <property name="_APPDOMAIN" value="Unity Child Domain" />
        <property name="platform" value="EditMode" />
        <property name="EditorOnly" value="True" />
      </properties>
      <reason>
        <message><![CDATA[One or more child tests were ignored]]></message>
      </reason>
      <test-suite type="TestFixture" id="1001" name="NowCodeEditorTests" fullname="NowCodeEditorTests" classname="NowCodeEditorTests" runstate="Runnable" testcasecount="32" result="Passed" start-time="2026-07-03 16:39:53Z" end-time="2026-07-03 16:39:55Z" duration="1.297575" total="32" passed="32" failed="0" inconclusive="0" skipped="0" asserts="0">
        <properties />
        <test-case id="1015" name="BackspaceInsideEmptyPairDeletesBoth" fullname="NowCodeEditorTests.BackspaceInsideEmptyPairDeletesBoth" methodname="BackspaceInsideEmptyPairDeletesBoth" classname="NowCodeEditorTests" runstate="Runnable" seed="195889260" result="Passed" start-time="2026-07-03 16:39:53Z" end-time="2026-07-03 16:39:54Z" duration="0.379287" asserts="0">
          <properties>
            <property name="retryIteration" value="0" />
            <property name="repeatIteration" value="0" />
          </properties>
        </test-case>
        <test-case id="1027" name="CopyWithoutSelectionCopiesTheWholeLine" fullname="NowCodeEditorTests.CopyWithoutSelectionCopiesTheWholeLine" methodname="CopyWithoutSelectionCopiesTheWholeLine" classname="NowCodeEditorTests" runstate="Runnable" seed="1574775668" result="Passed" start-time="2026-07-03 16:39:54Z" end-time="2026-07-03 16:39:54Z" duration="0.241692" asserts="0">
          <properties>
            <property name="retryIteration" value="0" />
            <property name="repeatIteration" value="0" />
          </properties>
        </test-case>
        <test-case id="1026" name="CtrlDDuplicatesTheCurrentLine" fullname="NowCodeEditorTests.CtrlDDuplicatesTheCurrentLine" methodname="CtrlDDuplicatesTheCurrentLine" classname="NowCodeEditorTests" runstate="Runnable" seed="1320269057" result="Passed" start-time="2026-07-03 16:39:54Z" end-time="2026-07-03 16:39:54Z" duration="0.067230" asserts="0">
          <properties>
            <property name="retryIteration" value="0" />
            <property name="repeatIteration" value="0" />
          </properties>
        </test-case>
        <test-case id="1028" name="CutWithoutSelectionRemovesTheWholeLine" fullname="NowCodeEditorTests.CutWithoutSelectionRemovesTheWholeLine" methodname="CutWithoutSelectionRemovesTheWholeLine" classname="NowCodeEditorTests" runstate="Runnable" seed="1231713006" result="Passed" start-time="2026-07-03 16:39:54Z" end-time="2026-07-03 16:39:54Z" duration="0.040969" asserts="0">
          <properties>
            <property name="retryIteration" value="0" />
            <property name="repeatIteration" value="0" />
          </properties>
        </test-case>
        <test-case id="1023" name="DoubleClickDragExtendsByWholeWords" fullname="NowCodeEditorTests.DoubleClickDragExtendsByWholeWords" methodname="DoubleClickDragExtendsByWholeWords" classname="NowCodeEditorTests" runstate="Runnable" seed="2049292725" result="Passed" start-time="2026-07-03 16:39:54Z" end-time="2026-07-03 16:39:54Z" duration="0.068117" asserts="0">
          <properties>
            <property name="retryIteration" value="0" />
            <property name="repeatIteration" value="0" />
          </properties>
        </test-case>
        <test-case id="1016" name="EnterBetweenBracesExpandsWithIndent" fullname="NowCodeEditorTests.EnterBetweenBracesExpandsWithIndent" methodname="EnterBetweenBracesExpandsWithIndent" classname="NowCodeEditorTests" runstate="Runnable" seed="1388557062" result="Passed" start-time="2026-07-03 16:39:54Z" end-time="2026-07-03 16:39:54Z" duration="0.064771" asserts="0">
          <properties>
            <property name="retryIteration" value="0" />
            <property name="repeatIteration" value="0" />
          </properties>
        </test-case>
        <test-case id="1021" name="EnterBetweenMarkupTagsExpandsWithIndent" fullname="NowCodeEditorTests.EnterBetweenMarkupTagsExpandsWithIndent" methodname="EnterBetweenMarkupTagsExpandsWithIndent" classname="NowCodeEditorTests" runstate="Runnable" seed="1586331656" result="Passed" start-time="2026-07-03 16:39:54Z" end-time="2026-07-03 16:39:54Z" duration="0.041813" asserts="0">
          <properties>
            <property name="retryIteration" value="0" />
            <property name="repeatIteration" value="0" />
          </properties>
        </test-case>
        <test-case id="1032" name="FocusedWheelScrollCanHideCaretUntilCaretNavigation" fullname="NowCodeEditorTests.FocusedWheelScrollCanHideCaretUntilCaretNavigation" methodname="FocusedWheelScrollCanHideCaretUntilCaretNavigation" classname="NowCodeEditorTests" runstate="Runnable" seed="1210938299" result="Passed" start-time="2026-07-03 16:39:54Z" end-time="2026-07-03 16:39:54Z" duration="0.305030" asserts="0">
          <properties>
            <property name="retryIteration" value="0" />
            <property name="repeatIteration" value="0" />
          </properties>
        </test-case>
        <test-case id="1029" name="HeldEnterRepeatsAfterAReleaseButNotWithinTheDelay" fullname="NowCodeEditorTests.HeldEnterRepeatsAfterAReleaseButNotWithinTheDelay" methodname="HeldEnterRepeatsAfterAReleaseButNotWithinTheDelay" classname="NowCodeEditorTests" runstate="Runnable" seed="1199341157" result="Passed" start-time="2026-07-03 16:39:54Z" end-time="2026-07-03 16:39:54Z" duration="0.000842" asserts="0">
          <properties>
            <property name="retryIteration" value="0" />
            <property name="repeatIteration" value="0" />
          </properties>
        </test-case>
        <test-case id="1002" name="JsonTokenizerClassifiesPropertiesStringsNumbersAndKeywords" fullname="NowCodeEditorTests.JsonTokenizerClassifiesPropertiesStringsNumbersAndKeywords" methodname="JsonTokenizerClassifiesPropertiesStringsNumbersAndKeywords" classname="NowCodeEditorTests" runstate="Runnable" seed="1666179224" result="Passed" start-time="2026-07-03 16:39:54Z" end-time="2026-07-03 16:39:54Z" duration="0.000685" asserts="0">
          <properties>
            <property name="retryIteration" value="0" />
            <property name="repeatIteration" value="0" />
          </properties>
        </test-case>
        <test-case id="1003" name="JsonValidatorAcceptsValidDocuments" fullname="NowCodeEditorTests.JsonValidatorAcceptsValidDocuments" methodname="JsonValidatorAcceptsValidDocuments" classname="NowCodeEditorTests" runstate="Runnable" seed="402283554" result="Passed" start-time="2026-07-03 16:39:54Z" end-time="2026-07-03 16:39:54Z" duration="0.000440" asserts="0">
          <properties>
            <property name="retryIteration" value="0" />
            <property name="repeatIteration" value="0" />
          </properties>
        </test-case>
        <test-case id="1005" name="JsonValidatorFlagsTrailingCommasUnterminatedStringsAndComments" fullname="NowCodeEditorTests.JsonValidatorFlagsTrailingCommasUnterminatedStringsAndComments" methodname="JsonValidatorFlagsTrailingCommasUnterminatedStringsAndComments" classname="NowCodeEditorTests" runstate="Runnable" seed="795495708" result="Passed" start-time="2026-07-03 16:39:54Z" end-time="2026-07-03 16:39:54Z" duration="0.000596" asserts="0">
          <properties>
            <property name="retryIteration" value="0" />
            <property name="repeatIteration" value="0" />
          </properties>
        </test-case>
        <test-case id="1004" name="JsonValidatorPositionsMissingCommaErrors" fullname="NowCodeEditorTests.JsonValidatorPositionsMissingCommaErrors" methodname="JsonValidatorPositionsMissingCommaErrors" classname="NowCodeEditorTests" runstate="Runnable" seed="2105218306" result="Passed" start-time="2026-07-03 16:39:54Z" end-time="2026-07-03 16:39:54Z" duration="0.000173" asserts="0">
          <properties>
            <property name="retryIteration" value="0" />
            <property name="repeatIteration" value="0" />
          </properties>
        </test-case>
        <test-case id="1007" name="LanguageRegistryFindsMarkdownAndMarkupAliases" fullname="NowCodeEditorTests.LanguageRegistryFindsMarkdownAndMarkupAliases" methodname="LanguageRegistryFindsMarkdownAndMarkupAliases" classname="NowCodeEditorTests" runstate="Runnable" seed="1357560267" result="Passed" start-time="2026-07-03 16:39:54Z" end-time="2026-07-03 16:39:54Z" duration="0.000825" asserts="0">
          <properties>
            <property name="retryIteration" value="0" />
            <property name="repeatIteration" value="0" />
          </properties>
        </test-case>
        <test-case id="1009" name="MarkdownFencesDelegateToMarkupAliases" fullname="NowCodeEditorTests.MarkdownFencesDelegateToMarkupAliases" methodname="MarkdownFencesDelegateToMarkupAliases" classname="NowCodeEditorTests" runstate="Runnable" seed="947023572" result="Passed" start-time="2026-07-03 16:39:54Z" end-time="2026-07-03 16:39:54Z" duration="0.000841" asserts="0">
          <properties>
            <property name="retryIteration" value="0" />
            <property name="repeatIteration" value="0" />
          </properties>
        </test-case>
        <test-case id="1008" name="MarkdownFencesDelegateToTheEmbeddedLanguage" fullname="NowCodeEditorTests.MarkdownFencesDelegateToTheEmbeddedLanguage" methodname="MarkdownFencesDelegateToTheEmbeddedLanguage" classname="NowCodeEditorTests" runstate="Runnable" seed="93066005" result="Passed" start-time="2026-07-03 16:39:54Z" end-time="2026-07-03 16:39:54Z" duration="0.000366" asserts="0">
          <properties>
            <property name="retryIteration" value="0" />
            <property name="repeatIteration" value="0" />
          </properties>
        </test-case>
        <test-case id="1006" name="MarkdownTokenizerHighlightsStructure" fullname="NowCodeEditorTests.MarkdownTokenizerHighlightsStructure" methodname="MarkdownTokenizerHighlightsStructure" classname="NowCodeEditorTests" runstate="Runnable" seed="1948972497" result="Passed" start-time="2026-07-03 16:39:54Z" end-time="2026-07-03 16:39:54Z" duration="0.000542" asserts="0">
          <properties>
            <property name="retryIteration" value="0" />
            <property name="repeatIteration" value="0" />
          </properties>
        </test-case>
        <test-case id="1010" name="MarkdownValidatorWarnsOnUnclosedFence" fullname="NowCodeEditorTests.MarkdownValidatorWarnsOnUnclosedFence" methodname="MarkdownValidatorWarnsOnUnclosedFence" classname="NowCodeEditorTests" runstate="Runnable" seed="1732684009" result="Passed" start-time="2026-07-03 16:39:54Z" end-time="2026-07-03 16:39:54Z" duration="0.000350" asserts="0">
          <properties>
            <property name="retryIteration" value="0" />
            <property name="repeatIteration" value="0" />
          </properties>
        </test-case>
        <test-case id="1020" name="MarkupSlashCompletesNearestOpenTag" fullname="NowCodeEditorTests.MarkupSlashCompletesNearestOpenTag" methodname="MarkupSlashCompletesNearestOpenTag" classname="NowCodeEditorTests" runstate="Runnable" seed="2124679247" result="Passed" start-time="2026-07-03 16:39:54Z" end-time="2026-07-03 16:39:55Z" duration="0.037192" asserts="0">
          <properties>
            <property name="retryIteration" value="0" />
            <property name="repeatIteration" value="0" />
          </properties>
        </test-case>
        <test-case id="1018" name="MarkupSlashSelfClosesBeforeGeneratedAngle" fullname="NowCodeEditorTests.MarkupSlashSelfClosesBeforeGeneratedAngle" methodname="MarkupSlashSelfClosesBeforeGeneratedAngle" classname="NowCodeEditorTests" runstate="Runnable" seed="994107493" result="Passed" start-time="2026-07-03 16:39:55Z" end-time="2026-07-03 16:39:55Z" duration="0.000441" asserts="0">
          <properties>
            <property name="retryIteration" value="0" />
            <property name="repeatIteration" value="0" />
          </properties>
        </test-case>
        <test-case id="1011" name="MarkupTokenizerHighlightsTagsAttributesStringsCommentsAndEntities" fullname="NowCodeEditorTests.MarkupTokenizerHighlightsTagsAttributesStringsCommentsAndEntities" methodname="MarkupTokenizerHighlightsTagsAttributesStringsCommentsAndEntities" classname="NowCodeEditorTests" runstate="Runnable" seed="1220319597" result="Passed" start-time="2026-07-03 16:39:55Z" end-time="2026-07-03 16:39:55Z" duration="0.000486" asserts="0">
          <properties>
            <property name="retryIteration" value="0" />
            <property name="repeatIteration" value="0" />
          </properties>
        </test-case>
        <test-case id="1017" name="MarkupTypingAngleCompletesClosingTag" fullname="NowCodeEditorTests.MarkupTypingAngleCompletesClosingTag" methodname="MarkupTypingAngleCompletesClosingTag" classname="NowCodeEditorTests" runstate="Runnable" seed="592816656" result="Passed" start-time="2026-07-03 16:39:55Z" end-time="2026-07-03 16:39:55Z" duration="0.000272" asserts="0">
          <properties>
            <property name="retryIteration" value="0" />
            <property name="repeatIteration" value="0" />
          </properties>
        </test-case>
        <test-case id="1012" name="MarkupValidatorReportsMismatchedAndUnclosedTags" fullname="NowCodeEditorTests.MarkupValidatorReportsMismatchedAndUnclosedTags" methodname="MarkupValidatorReportsMismatchedAndUnclosedTags" classname="NowCodeEditorTests" runstate="Runnable" seed="754893310" result="Passed" start-time="2026-07-03 16:39:55Z" end-time="2026-07-03 16:39:55Z" duration="0.000317" asserts="0">
          <properties>
            <property name="retryIteration" value="0" />
            <property name="repeatIteration" value="0" />
          </properties>
        </test-case>
        <test-case id="1019" name="MarkupVoidTagsDoNotGetClosingTags" fullname="NowCodeEditorTests.MarkupVoidTagsDoNotGetClosingTags" methodname="MarkupVoidTagsDoNotGetClosingTags" classname="NowCodeEditorTests" runstate="Runnable" seed="1739488605" result="Passed" start-time="2026-07-03 16:39:55Z" end-time="2026-07-03 16:39:55Z" duration="0.000305" asserts="0">
          <properties>
            <property name="retryIteration" value="0" />
            <property name="repeatIteration" value="0" />
          </properties>
        </test-case>
        <test-case id="1022" name="QuoteWrapsTheSelection" fullname="NowCodeEditorTests.QuoteWrapsTheSelection" methodname="QuoteWrapsTheSelection" classname="NowCodeEditorTests" runstate="Runnable" seed="571877990" result="Passed" start-time="2026-07-03 16:39:55Z" end-time="2026-07-03 16:39:55Z" duration="0.000324" asserts="0">
          <properties>
            <property name="retryIteration" value="0" />
            <property name="repeatIteration" value="0" />
          </properties>
        </test-case>
        <test-case id="1030" name="ResultReportsValidity" fullname="NowCodeEditorTests.ResultReportsValidity" methodname="ResultReportsValidity" classname="NowCodeEditorTests" runstate="Runnable" seed="1730938622" result="Passed" start-time="2026-07-03 16:39:55Z" end-time="2026-07-03 16:39:55Z" duration="0.020609" asserts="0">
          <properties>
            <property name="retryIteration" value="0" />
            <property name="repeatIteration" value="0" />
          </properties>
        </test-case>
        <test-case id="1024" name="TabIndentsAndShiftTabDedents" fullname="NowCodeEditorTests.TabIndentsAndShiftTabDedents" methodname="TabIndentsAndShiftTabDedents" classname="NowCodeEditorTests" runstate="Runnable" seed="1829238172" result="Passed" start-time="2026-07-03 16:39:55Z" end-time="2026-07-03 16:39:55Z" duration="0.000947" asserts="0">
          <properties>
            <property name="retryIteration" value="0" />
            <property name="repeatIteration" value="0" />
          </properties>
        </test-case>
        <test-case id="1014" name="TypingClosingBraceSkipsOverTheAutoClosedOne" fullname="NowCodeEditorTests.TypingClosingBraceSkipsOverTheAutoClosedOne" methodname="TypingClosingBraceSkipsOverTheAutoClosedOne" classname="NowCodeEditorTests" runstate="Runnable" seed="123305332" result="Passed" start-time="2026-07-03 16:39:55Z" end-time="2026-07-03 16:39:55Z" duration="0.000283" asserts="0">
          <properties>
            <property name="retryIteration" value="0" />
            <property name="repeatIteration" value="0" />
          </properties>
        </test-case>
        <test-case id="1013" name="TypingOpenBraceAutoClosesWithCaretBetween" fullname="NowCodeEditorTests.TypingOpenBraceAutoClosesWithCaretBetween" methodname="TypingOpenBraceAutoClosesWithCaretBetween" classname="NowCodeEditorTests" runstate="Runnable" seed="1272901994" result="Passed" start-time="2026-07-03 16:39:55Z" end-time="2026-07-03 16:39:55Z" duration="0.000281" asserts="0">
          <properties>
            <property name="retryIteration" value="0" />
            <property name="repeatIteration" value="0" />
          </properties>
        </test-case>
        <test-case id="1031" name="TypingUnfocusedChangesNothing" fullname="NowCodeEditorTests.TypingUnfocusedChangesNothing" methodname="TypingUnfocusedChangesNothing" classname="NowCodeEditorTests" runstate="Runnable" seed="1777855414" result="Passed" start-time="2026-07-03 16:39:55Z" end-time="2026-07-03 16:39:55Z" duration="0.000263" asserts="0">
          <properties>
            <property name="retryIteration" value="0" />
            <property name="repeatIteration" value="0" />
          </properties>
        </test-case>
        <test-case id="1025" name="UndoAndRedoRoundTrip" fullname="NowCodeEditorTests.UndoAndRedoRoundTrip" methodname="UndoAndRedoRoundTrip" classname="NowCodeEditorTests" runstate="Runnable" seed="545148979" result="Passed" start-time="2026-07-03 16:39:55Z" end-time="2026-07-03 16:39:55Z" duration="0.000831" asserts="0">
          <properties>
            <property name="retryIteration" value="0" />
            <property name="repeatIteration" value="0" />
          </properties>
        </test-case>
        <test-case id="1033" name="WheelAtEditorEdgeFallsThroughToParentScrollView" fullname="NowCodeEditorTests.WheelAtEditorEdgeFallsThroughToParentScrollView" methodname="WheelAtEditorEdgeFallsThroughToParentScrollView" classname="NowCodeEditorTests" runstate="Runnable" seed="970127323" result="Passed" start-time="2026-07-03 16:39:55Z" end-time="2026-07-03 16:39:55Z" duration="0.009336" asserts="0">
          <properties>
            <property name="retryIteration" value="0" />
            <property name="repeatIteration" value="0" />
          </properties>
        </test-case>
      </test-suite>
      <test-suite type="TestFixture" id="1034" name="NowControlsAdvancedTests" fullname="NowControlsAdvancedTests" classname="NowControlsAdvancedTests" runstate="Runnable" testcasecount="54" result="Passed" start-time="2026-07-03 16:39:55Z" end-time="2026-07-03 16:39:55Z" duration="0.235894" total="54" passed="54" failed="0" inconclusive="0" skipped="0" asserts="0">
        <properties />
        <test-case id="1036" name="BuiltInControlsRouteVisualsThroughThemeRenderer" fullname="NowControlsAdvancedTests.BuiltInControlsRouteVisualsThroughThemeRenderer" methodname="BuiltInControlsRouteVisualsThroughThemeRenderer" classname="NowControlsAdvancedTests" runstate="Runnable" seed="1661069036" result="Passed" start-time="2026-07-03 16:39:55Z" end-time="2026-07-03 16:39:55Z" duration="0.028229" asserts="0">
          <properties>
            <property name="retryIteration" value="0" />
            <property name="repeatIteration" value="0" />
          </properties>
        </test-case>
        <test-case id="1040" name="ContextMenuClickDeliversByLabelWhenItemsShift" fullname="NowControlsAdvancedTests.ContextMenuClickDeliversByLabelWhenItemsShift" methodname="ContextMenuClickDeliversByLabelWhenItemsShift" classname="NowControlsAdvancedTests" runstate="Runnable" seed="1982988751" result="Passed" start-time="2026-07-03 16:39:55Z" end-time="2026-07-03 16:39:55Z" duration="0.043218" asserts="0">
          <properties>
            <property name="retryIteration" value="0" />
            <property name="repeatIteration" value="0" />
          </properties>
        </test-case>
        <test-case id="1037" name="ContextMenuFitsInsideInputSurface" fullname="NowControlsAdvancedTests.ContextMenuFitsInsideInputSurface" methodname="ContextMenuFitsInsideInputSurface" classname="NowControlsAdvancedTests" runstate="Runnable" seed="930414620" result="Passed" start-time="2026-07-03 16:39:55Z" end-time="2026-07-03 16:39:55Z" duration="0.001285" asserts="0">
          <properties>
            <property name="retryIteration" value="0" />
            <property name="repeatIteration" value="0" />
          </properties>
        </test-case>
        <test-case id="1042" name="ContextMenuHoverSwitchesBetweenSiblingSubmenus" fullname="NowControlsAdvancedTests.ContextMenuHoverSwitchesBetweenSiblingSubmenus" methodname="ContextMenuHoverSwitchesBetweenSiblingSubmenus" classname="NowControlsAdvancedTests" runstate="Runnable" seed="2020527792" result="Passed" start-time="2026-07-03 16:39:55Z" end-time="2026-07-03 16:39:55Z" duration="0.006902" asserts="0">
          <properties>
            <property name="retryIteration" value="0" />
            <property name="repeatIteration" value="0" />
          </properties>
        </test-case>
        <test-case id="1043" name="ContextMenuKeepsSubmenuOpenWhenAimingThroughSiblingSubmenuRow" fullname="NowControlsAdvancedTests.ContextMenuKeepsSubmenuOpenWhenAimingThroughSiblingSubmenuRow" methodname="ContextMenuKeepsSubmenuOpenWhenAimingThroughSiblingSubmenuRow" classname="NowControlsAdvancedTests" runstate="Runnable" seed="1340741590" result="Passed" start-time="2026-07-03 16:39:55Z" end-time="2026-07-03 16:39:55Z" duration="0.046502" asserts="0">
          <properties>
            <property name="retryIteration" value="0" />
            <property name="repeatIteration" value="0" />
          </properties>
        </test-case>
        <test-case id="1053" name="ContextMenuKeyboardDivesIntoAndOutOfSubmenus" fullname="NowControlsAdvancedTests.ContextMenuKeyboardDivesIntoAndOutOfSubmenus" methodname="ContextMenuKeyboardDivesIntoAndOutOfSubmenus" classname="NowControlsAdvancedTests" runstate="Runnable" seed="1085724585" result="Passed" start-time="2026-07-03 16:39:55Z" end-time="2026-07-03 16:39:55Z" duration="0.023079" asserts="0">
          <properties>
            <property name="retryIteration" value="0" />
            <property name="repeatIteration" value="0" />
          </properties>
        </test-case>
        <test-case id="1052" name="ContextMenuKeyboardNavigatesAndActivatesItems" fullname="NowControlsAdvancedTests.ContextMenuKeyboardNavigatesAndActivatesItems" methodname="ContextMenuKeyboardNavigatesAndActivatesItems" classname="NowControlsAdvancedTests" runstate="Runnable" seed="1197125639" result="Passed" start-time="2026-07-03 16:39:55Z" end-time="2026-07-03 16:39:55Z" duration="0.000722" asserts="0">
          <properties>
            <property name="retryIteration" value="0" />
            <property name="repeatIteration" value="0" />
          </properties>
        </test-case>
        <test-case id="1045" name="ContextMenuNestedSubmenuPingPongsBackRightWhenLeftCannotFit" fullname="NowControlsAdvancedTests.ContextMenuNestedSubmenuPingPongsBackRightWhenLeftCannotFit" methodname="ContextMenuNestedSubmenuPingPongsBackRightWhenLeftCannotFit" classname="NowControlsAdvancedTests" runstate="Runnable" seed="638043665" result="Passed" start-time="2026-07-03 16:39:55Z" end-time="2026-07-03 16:39:55Z" duration="0.024344" asserts="0">
          <properties>
            <property name="retryIteration" value="0" />
            <property name="repeatIteration" value="0" />
          </properties>
        </test-case>
        <test-case id="1047" name="ContextMenuOpenedInsideOverlayWinsOverThePopupBeneath" fullname="NowControlsAdvancedTests.ContextMenuOpenedInsideOverlayWinsOverThePopupBeneath" methodname="ContextMenuOpenedInsideOverlayWinsOverThePopupBeneath" classname="NowControlsAdvancedTests" runstate="Runnable" seed="1835655474" result="Passed" start-time="2026-07-03 16:39:55Z" end-time="2026-07-03 16:39:55Z" duration="0.004844" asserts="0">
          <properties>
            <property name="retryIteration" value="0" />
            <property name="repeatIteration" value="0" />
          </properties>
        </test-case>
        <test-case id="1039" name="ContextMenuSubmenuDeliversNestedItemClick" fullname="NowControlsAdvancedTests.ContextMenuSubmenuDeliversNestedItemClick" methodname="ContextMenuSubmenuDeliversNestedItemClick" classname="NowControlsAdvancedTests" runstate="Runnable" seed="690783033" result="Passed" start-time="2026-07-03 16:39:55Z" end-time="2026-07-03 16:39:55Z" duration="0.000747" asserts="0">
          <properties>
            <property name="retryIteration" value="0" />
            <property name="repeatIteration" value="0" />
          </properties>
        </test-case>
        <test-case id="1044" name="ContextMenuSubmenuFlipsLeftNearRightEdge" fullname="NowControlsAdvancedTests.ContextMenuSubmenuFlipsLeftNearRightEdge" methodname="ContextMenuSubmenuFlipsLeftNearRightEdge" classname="NowControlsAdvancedTests" runstate="Runnable" seed="1064495218" result="Passed" start-time="2026-07-03 16:39:55Z" end-time="2026-07-03 16:39:55Z" duration="0.001091" asserts="0">
          <properties>
            <property name="retryIteration" value="0" />
            <property name="repeatIteration" value="0" />
          </properties>
        </test-case>
        <test-case id="1041" name="ContextMenuSubmenuSurvivesDiagonalHoverThroughSiblingRows" fullname="NowControlsAdvancedTests.ContextMenuSubmenuSurvivesDiagonalHoverThroughSiblingRows" methodname="ContextMenuSubmenuSurvivesDiagonalHoverThroughSiblingRows" classname="NowControlsAdvancedTests" runstate="Runnable" seed="1693175877" result="Passed" start-time="2026-07-03 16:39:55Z" end-time="2026-07-03 16:39:55Z" duration="0.000990" asserts="0">
          <properties>
            <property name="retryIteration" value="0" />
            <property name="repeatIteration" value="0" />
          </properties>
        </test-case>
        <test-case id="1087" name="DropdownOpensAndAppliesPendingSelection" fullname="NowControlsAdvancedTests.DropdownOpensAndAppliesPendingSelection" methodname="DropdownOpensAndAppliesPendingSelection" classname="NowControlsAdvancedTests" runstate="Runnable" seed="1866159304" result="Passed" start-time="2026-07-03 16:39:55Z" end-time="2026-07-03 16:39:55Z" duration="0.002733" asserts="0">
          <properties>
            <property name="retryIteration" value="0" />
            <property name="repeatIteration" value="0" />
          </properties>
        </test-case>
        <test-case id="1051" name="DropdownPopupClosesOnASecondaryPressOutside" fullname="NowControlsAdvancedTests.DropdownPopupClosesOnASecondaryPressOutside" methodname="DropdownPopupClosesOnASecondaryPressOutside" classname="NowControlsAdvancedTests" runstate="Runnable" seed="1055300035" result="Passed" start-time="2026-07-03 16:39:55Z" end-time="2026-07-03 16:39:55Z" duration="0.000537" asserts="0">
          <properties>
            <property name="retryIteration" value="0" />
            <property name="repeatIteration" value="0" />
          </properties>
        </test-case>
        <test-case id="1057" name="DropdownPopupFitsInsideInputSurfaceByDefault" fullname="NowControlsAdvancedTests.DropdownPopupFitsInsideInputSurfaceByDefault" methodname="DropdownPopupFitsInsideInputSurfaceByDefault" classname="NowControlsAdvancedTests" runstate="Runnable" seed="2060425822" result="Passed" start-time="2026-07-03 16:39:55Z" end-time="2026-07-03 16:39:55Z" duration="0.000874" asserts="0">
          <properties>
            <property name="retryIteration" value="0" />
            <property name="repeatIteration" value="0" />
          </properties>
        </test-case>
        <test-case id="1088" name="DropdownPopupSelectsItemInsideTransform" fullname="NowControlsAdvancedTests.DropdownPopupSelectsItemInsideTransform" methodname="DropdownPopupSelectsItemInsideTransform" classname="NowControlsAdvancedTests" runstate="Runnable" seed="1620689363" result="Passed" start-time="2026-07-03 16:39:55Z" end-time="2026-07-03 16:39:55Z" duration="0.001734" asserts="0">
          <properties>
            <property name="retryIteration" value="0" />
            <property name="repeatIteration" value="0" />
          </properties>
        </test-case>
        <test-case id="1069" name="NestedTransformsComposeForInput" fullname="NowControlsAdvancedTests.NestedTransformsComposeForInput" methodname="NestedTransformsComposeForInput" classname="NowControlsAdvancedTests" runstate="Runnable" seed="1014843247" result="Passed" start-time="2026-07-03 16:39:55Z" end-time="2026-07-03 16:39:55Z" duration="0.000396" asserts="0">
          <properties>
            <property name="retryIteration" value="0" />
            <property name="repeatIteration" value="0" />
          </properties>
        </test-case>
        <test-case id="1071" name="OverlayBlocksPointerUnderneathNextFrame" fullname="NowControlsAdvancedTests.OverlayBlocksPointerUnderneathNextFrame" methodname="OverlayBlocksPointerUnderneathNextFrame" classname="NowControlsAdvancedTests" runstate="Runnable" seed="200531871" result="Passed" start-time="2026-07-03 16:39:55Z" end-time="2026-07-03 16:39:55Z" duration="0.000346" asserts="0">
          <properties>
            <property name="retryIteration" value="0" />
            <property name="repeatIteration" value="0" />
          </properties>
        </test-case>
        <test-case id="1073" name="OverlayConcretePopupHitTestIgnoresModalScreenBlock" fullname="NowControlsAdvancedTests.OverlayConcretePopupHitTestIgnoresModalScreenBlock" methodname="OverlayConcretePopupHitTestIgnoresModalScreenBlock" classname="NowControlsAdvancedTests" runstate="Runnable" seed="187465126" result="Passed" start-time="2026-07-03 16:39:55Z" end-time="2026-07-03 16:39:55Z" duration="0.000401" asserts="0">
          <properties>
            <property name="retryIteration" value="0" />
            <property name="repeatIteration" value="0" />
          </properties>
        </test-case>
        <test-case id="1070" name="OverlayDeferredDrawRestoresCapturedTransform" fullname="NowControlsAdvancedTests.OverlayDeferredDrawRestoresCapturedTransform" methodname="OverlayDeferredDrawRestoresCapturedTransform" classname="NowControlsAdvancedTests" runstate="Runnable" seed="1431962812" result="Passed" start-time="2026-07-03 16:39:55Z" end-time="2026-07-03 16:39:55Z" duration="0.001241" asserts="0">
          <properties>
            <property name="retryIteration" value="0" />
            <property name="repeatIteration" value="0" />
          </properties>
        </test-case>
        <test-case id="1068" name="OverlayDeferredDrawRunsAtFlush" fullname="NowControlsAdvancedTests.OverlayDeferredDrawRunsAtFlush" methodname="OverlayDeferredDrawRunsAtFlush" classname="NowControlsAdvancedTests" runstate="Runnable" seed="1610214686" result="Passed" start-time="2026-07-03 16:39:55Z" end-time="2026-07-03 16:39:55Z" duration="0.000525" asserts="0">
          <properties>
            <property name="retryIteration" value="0" />
            <property name="repeatIteration" value="0" />
          </properties>
        </test-case>
        <test-case id="1056" name="OverlayFitToViewAccountsForCurrentTransform" fullname="NowControlsAdvancedTests.OverlayFitToViewAccountsForCurrentTransform" methodname="OverlayFitToViewAccountsForCurrentTransform" classname="NowControlsAdvancedTests" runstate="Runnable" seed="737893496" result="Passed" start-time="2026-07-03 16:39:55Z" end-time="2026-07-03 16:39:55Z" duration="0.000445" asserts="0">
          <properties>
            <property name="retryIteration" value="0" />
            <property name="repeatIteration" value="0" />
          </properties>
        </test-case>
        <test-case id="1046" name="OverlayPointerBlocksAreScopedToTheirHost" fullname="NowControlsAdvancedTests.OverlayPointerBlocksAreScopedToTheirHost" methodname="OverlayPointerBlocksAreScopedToTheirHost" classname="NowControlsAdvancedTests" runstate="Runnable" seed="99799601" result="Passed" start-time="2026-07-03 16:39:55Z" end-time="2026-07-03 16:39:55Z" duration="0.001283" asserts="0">
          <properties>
            <property name="retryIteration" value="0" />
            <property name="repeatIteration" value="0" />
          </properties>
        </test-case>
        <test-case id="1072" name="OverlayTracksNestedPopupTree" fullname="NowControlsAdvancedTests.OverlayTracksNestedPopupTree" methodname="OverlayTracksNestedPopupTree" classname="NowControlsAdvancedTests" runstate="Runnable" seed="1025197356" result="Passed" start-time="2026-07-03 16:39:55Z" end-time="2026-07-03 16:39:55Z" duration="0.000412" asserts="0">
          <properties>
            <property name="retryIteration" value="0" />
            <property name="repeatIteration" value="0" />
          </properties>
        </test-case>
        <test-case id="1067" name="RaycastPressGateLatchesAtPressTime" fullname="NowControlsAdvancedTests.RaycastPressGateLatchesAtPressTime" methodname="RaycastPressGateLatchesAtPressTime" classname="NowControlsAdvancedTests" runstate="Runnable" seed="2051627960" result="Passed" start-time="2026-07-03 16:39:55Z" end-time="2026-07-03 16:39:55Z" duration="0.000206" asserts="0">
          <properties>
            <property name="retryIteration" value="0" />
            <property name="repeatIteration" value="0" />
          </properties>
        </test-case>
        <test-case id="1050" name="RightClickDoesNotLeakThroughAnOpenOverlay" fullname="NowControlsAdvancedTests.RightClickDoesNotLeakThroughAnOpenOverlay" methodname="RightClickDoesNotLeakThroughAnOpenOverlay" classname="NowControlsAdvancedTests" runstate="Runnable" seed="2143607256" result="Passed" start-time="2026-07-03 16:39:55Z" end-time="2026-07-03 16:39:55Z" duration="0.000544" asserts="0">
          <properties>
            <property name="retryIteration" value="0" />
            <property name="repeatIteration" value="0" />
          </properties>
        </test-case>
        <test-case id="1049" name="ScrollingOutsideAContextMenuClosesIt" fullname="NowControlsAdvancedTests.ScrollingOutsideAContextMenuClosesIt" methodname="ScrollingOutsideAContextMenuClosesIt" classname="NowControlsAdvancedTests" runstate="Runnable" seed="2044663117" result="Passed" start-time="2026-07-03 16:39:55Z" end-time="2026-07-03 16:39:55Z" duration="0.000852" asserts="0">
          <properties>
            <property name="retryIteration" value="0" />
            <property name="repeatIteration" value="0" />
          </properties>
        </test-case>
        <test-case id="1074" name="ScrollViewClampsAndStoresScroll" fullname="NowControlsAdvancedTests.ScrollViewClampsAndStoresScroll" methodname="ScrollViewClampsAndStoresScroll" classname="NowControlsAdvancedTests" runstate="Runnable" seed="1968605297" result="Passed" start-time="2026-07-03 16:39:55Z" end-time="2026-07-03 16:39:55Z" duration="0.000646" asserts="0">
          <properties>
            <property name="retryIteration" value="0" />
            <property name="repeatIteration" value="0" />
          </properties>
        </test-case>
        <test-case id="1081" name="ScrollViewDragScrollIgnoresPointerAwayFromEdges" fullname="NowControlsAdvancedTests.ScrollViewDragScrollIgnoresPointerAwayFromEdges" methodname="ScrollViewDragScrollIgnoresPointerAwayFromEdges" classname="NowControlsAdvancedTests" runstate="Runnable" seed="578061360" result="Passed" start-time="2026-07-03 16:39:55Z" end-time="2026-07-03 16:39:55Z" duration="0.002131" asserts="0">
          <properties>
            <property name="retryIteration" value="0" />
            <property name="repeatIteration" value="0" />
          </properties>
        </test-case>
        <test-case id="1080" name="ScrollViewDragScrollsWhenPointerNearsViewportEdge" fullname="NowControlsAdvancedTests.ScrollViewDragScrollsWhenPointerNearsViewportEdge" methodname="ScrollViewDragScrollsWhenPointerNearsViewportEdge" classname="NowControlsAdvancedTests" runstate="Runnable" seed="1596558083" result="Passed" start-time="2026-07-03 16:39:55Z" end-time="2026-07-03 16:39:55Z" duration="0.000375" asserts="0">
          <properties>
            <property name="retryIteration" value="0" />
            <property name="repeatIteration" value="0" />
          </properties>
        </test-case>
        <test-case id="1075" name="ScrollViewDrawsHorizontalScrollbarForWideContent" fullname="NowControlsAdvancedTests.ScrollViewDrawsHorizontalScrollbarForWideContent" methodname="ScrollViewDrawsHorizontalScrollbarForWideContent" classname="NowControlsAdvancedTests" runstate="Runnable" seed="340396474" result="Passed" start-time="2026-07-03 16:39:55Z" end-time="2026-07-03 16:39:55Z" duration="0.000781" asserts="0">
          <properties>
            <property name="retryIteration" value="0" />
            <property name="repeatIteration" value="0" />
          </properties>
        </test-case>
        <test-case id="1079" name="ScrollViewHorizontalWheelUpdatesScrollPosition" fullname="NowControlsAdvancedTests.ScrollViewHorizontalWheelUpdatesScrollPosition" methodname="ScrollViewHorizontalWheelUpdatesScrollPosition" classname="NowControlsAdvancedTests" runstate="Runnable" seed="434084512" result="Passed" start-time="2026-07-03 16:39:55Z" end-time="2026-07-03 16:39:55Z" duration="0.000373" asserts="0">
          <properties>
            <property name="retryIteration" value="0" />
            <property name="repeatIteration" value="0" />
          </properties>
        </test-case>
        <test-case id="1082" name="ScrollViewMiddleClickPansUntilNextPress" fullname="NowControlsAdvancedTests.ScrollViewMiddleClickPansUntilNextPress" methodname="ScrollViewMiddleClickPansUntilNextPress" classname="NowControlsAdvancedTests" runstate="Runnable" seed="313852129" result="Passed" start-time="2026-07-03 16:39:55Z" end-time="2026-07-03 16:39:55Z" duration="0.000838" asserts="0">
          <properties>
            <property name="retryIteration" value="0" />
            <property name="repeatIteration" value="0" />
          </properties>
        </test-case>
        <test-case id="1083" name="ScrollViewMiddleDragPansAndStopsOnRelease" fullname="NowControlsAdvancedTests.ScrollViewMiddleDragPansAndStopsOnRelease" methodname="ScrollViewMiddleDragPansAndStopsOnRelease" classname="NowControlsAdvancedTests" runstate="Runnable" seed="422463677" result="Passed" start-time="2026-07-03 16:39:55Z" end-time="2026-07-03 16:39:55Z" duration="0.000378" asserts="0">
          <properties>
            <property name="retryIteration" value="0" />
            <property name="repeatIteration" value="0" />
          </properties>
        </test-case>
        <test-case id="1085" name="ScrollViewScrollsFocusedCulledControlIntoView" fullname="NowControlsAdvancedTests.ScrollViewScrollsFocusedCulledControlIntoView" methodname="ScrollViewScrollsFocusedCulledControlIntoView" classname="NowControlsAdvancedTests" runstate="Runnable" seed="2012088311" result="Passed" start-time="2026-07-03 16:39:55Z" end-time="2026-07-03 16:39:55Z" duration="0.009943" asserts="0">
          <properties>
            <property name="retryIteration" value="0" />
            <property name="repeatIteration" value="0" />
          </properties>
        </test-case>
        <test-case id="1077" name="ScrollViewVerticalOverflowDoesNotFlashHorizontalBar" fullname="NowControlsAdvancedTests.ScrollViewVerticalOverflowDoesNotFlashHorizontalBar" methodname="ScrollViewVerticalOverflowDoesNotFlashHorizontalBar" classname="NowControlsAdvancedTests" runstate="Runnable" seed="1745493333" result="Passed" start-time="2026-07-03 16:39:55Z" end-time="2026-07-03 16:39:55Z" duration="0.000910" asserts="0">
          <properties>
            <property name="retryIteration" value="0" />
            <property name="repeatIteration" value="0" />
          </properties>
        </test-case>
        <test-case id="1076" name="ScrollViewVerticalScrollbarCanForceHorizontalScrollbar" fullname="NowControlsAdvancedTests.ScrollViewVerticalScrollbarCanForceHorizontalScrollbar" methodname="ScrollViewVerticalScrollbarCanForceHorizontalScrollbar" classname="NowControlsAdvancedTests" runstate="Runnable" seed="419283436" result="Passed" start-time="2026-07-03 16:39:55Z" end-time="2026-07-03 16:39:55Z" duration="0.000792" asserts="0">
          <properties>
            <property name="retryIteration" value="0" />
            <property name="repeatIteration" value="0" />
          </properties>
        </test-case>
        <test-case id="1078" name="ScrollViewViewportGrowthHidesVerticalBarImmediately" fullname="NowControlsAdvancedTests.ScrollViewViewportGrowthHidesVerticalBarImmediately" methodname="ScrollViewViewportGrowthHidesVerticalBarImmediately" classname="NowControlsAdvancedTests" runstate="Runnable" seed="478611257" result="Passed" start-time="2026-07-03 16:39:55Z" end-time="2026-07-03 16:39:55Z" duration="0.000259" asserts="0">
          <properties>
            <property name="retryIteration" value="0" />
            <property name="repeatIteration" value="0" />
          </properties>
        </test-case>
        <test-case id="1084" name="ScrollViewWheelAtEdgeFallsThroughToParent" fullname="NowControlsAdvancedTests.ScrollViewWheelAtEdgeFallsThroughToParent" methodname="ScrollViewWheelAtEdgeFallsThroughToParent" classname="NowControlsAdvancedTests" runstate="Runnable" seed="712961244" result="Passed" start-time="2026-07-03 16:39:55Z" end-time="2026-07-03 16:39:55Z" duration="0.000501" asserts="0">
          <properties>
            <property name="retryIteration" value="0" />
            <property name="repeatIteration" value="0" />
          </properties>
        </test-case>
        <test-case id="1086" name="ScrollViewWheelCanMoveFocusedControlOutOfView" fullname="NowControlsAdvancedTests.ScrollViewWheelCanMoveFocusedControlOutOfView" methodname="ScrollViewWheelCanMoveFocusedControlOutOfView" classname="NowControlsAdvancedTests" runstate="Runnable" seed="815340738" result="Passed" start-time="2026-07-03 16:39:55Z" end-time="2026-07-03 16:39:55Z" duration="0.000611" asserts="0">
          <properties>
            <property name="retryIteration" value="0" />
            <property name="repeatIteration" value="0" />
          </properties>
        </test-case>
        <test-case id="1055" name="SubmenuAtTheBottomOfAScrolledMenuOpensAndDelivers" fullname="NowControlsAdvancedTests.SubmenuAtTheBottomOfAScrolledMenuOpensAndDelivers" methodname="SubmenuAtTheBottomOfAScrolledMenuOpensAndDelivers" classname="NowControlsAdvancedTests" runstate="Runnable" seed="1262898410" result="Passed" start-time="2026-07-03 16:39:55Z" end-time="2026-07-03 16:39:55Z" duration="0.003416" asserts="0">
          <properties>
            <property name="retryIteration" value="0" />
            <property name="repeatIteration" value="0" />
          </properties>
        </test-case>
        <test-case id="1054" name="SubmenuOverlappingItsParentOwnsThePointer" fullname="NowControlsAdvancedTests.SubmenuOverlappingItsParentOwnsThePointer" methodname="SubmenuOverlappingItsParentOwnsThePointer" classname="NowControlsAdvancedTests" runstate="Runnable" seed="2029080407" result="Passed" start-time="2026-07-03 16:39:55Z" end-time="2026-07-03 16:39:55Z" duration="0.002664" asserts="0">
          <properties>
            <property name="retryIteration" value="0" />
            <property name="repeatIteration" value="0" />
          </properties>
        </test-case>
        <test-case id="1048" name="TallContextMenuClampsToViewAndScrollsToReachEveryItem" fullname="NowControlsAdvancedTests.TallContextMenuClampsToViewAndScrollsToReachEveryItem" methodname="TallContextMenuClampsToViewAndScrollsToReachEveryItem" classname="NowControlsAdvancedTests" runstate="Runnable" seed="1789296766" result="Passed" start-time="2026-07-03 16:39:55Z" end-time="2026-07-03 16:39:55Z" duration="0.001535" asserts="0">
          <properties>
            <property name="retryIteration" value="0" />
            <property name="repeatIteration" value="0" />
          </properties>
        </test-case>
        <test-case id="1060" name="TextFieldBackspaceDeletes" fullname="NowControlsAdvancedTests.TextFieldBackspaceDeletes" methodname="TextFieldBackspaceDeletes" classname="NowControlsAdvancedTests" runstate="Runnable" seed="723168245" result="Passed" start-time="2026-07-03 16:39:55Z" end-time="2026-07-03 16:39:55Z" duration="0.001489" asserts="0">
          <properties>
            <property name="retryIteration" value="0" />
            <property name="repeatIteration" value="0" />
          </properties>
        </test-case>
        <test-case id="1065" name="TextFieldClickPlacesCaretAndEscapeBlurs" fullname="NowControlsAdvancedTests.TextFieldClickPlacesCaretAndEscapeBlurs" methodname="TextFieldClickPlacesCaretAndEscapeBlurs" classname="NowControlsAdvancedTests" runstate="Runnable" seed="399129449" result="Passed" start-time="2026-07-03 16:39:55Z" end-time="2026-07-03 16:39:55Z" duration="0.001256" asserts="0">
          <properties>
            <property name="retryIteration" value="0" />
            <property name="repeatIteration" value="0" />
          </properties>
        </test-case>
        <test-case id="1062" name="TextFieldCopyPasteRoundTrip" fullname="NowControlsAdvancedTests.TextFieldCopyPasteRoundTrip" methodname="TextFieldCopyPasteRoundTrip" classname="NowControlsAdvancedTests" runstate="Runnable" seed="2000991234" result="Passed" start-time="2026-07-03 16:39:55Z" end-time="2026-07-03 16:39:55Z" duration="0.000541" asserts="0">
          <properties>
            <property name="retryIteration" value="0" />
            <property name="repeatIteration" value="0" />
          </properties>
        </test-case>
        <test-case id="1059" name="TextFieldDiscardsBufferedCharactersWhenFocusedByClick" fullname="NowControlsAdvancedTests.TextFieldDiscardsBufferedCharactersWhenFocusedByClick" methodname="TextFieldDiscardsBufferedCharactersWhenFocusedByClick" classname="NowControlsAdvancedTests" runstate="Runnable" seed="710408350" result="Passed" start-time="2026-07-03 16:39:55Z" end-time="2026-07-03 16:39:55Z" duration="0.000463" asserts="0">
          <properties>
            <property name="retryIteration" value="0" />
            <property name="repeatIteration" value="0" />
          </properties>
        </test-case>
        <test-case id="1063" name="TextFieldDoubleClickDragExtendsByWholeWords" fullname="NowControlsAdvancedTests.TextFieldDoubleClickDragExtendsByWholeWords" methodname="TextFieldDoubleClickDragExtendsByWholeWords" classname="NowControlsAdvancedTests" runstate="Runnable" seed="1870640520" result="Passed" start-time="2026-07-03 16:39:55Z" end-time="2026-07-03 16:39:55Z" duration="0.000515" asserts="0">
          <properties>
            <property name="retryIteration" value="0" />
            <property name="repeatIteration" value="0" />
          </properties>
        </test-case>
        <test-case id="1058" name="TextFieldIgnoresTypingWhenUnfocused" fullname="NowControlsAdvancedTests.TextFieldIgnoresTypingWhenUnfocused" methodname="TextFieldIgnoresTypingWhenUnfocused" classname="NowControlsAdvancedTests" runstate="Runnable" seed="1336698267" result="Passed" start-time="2026-07-03 16:39:55Z" end-time="2026-07-03 16:39:55Z" duration="0.000178" asserts="0">
          <properties>
            <property name="retryIteration" value="0" />
            <property name="repeatIteration" value="0" />
          </properties>
        </test-case>
        <test-case id="1066" name="TextFieldImeCompositionSuppressesKeysAndKeepsText" fullname="NowControlsAdvancedTests.TextFieldImeCompositionSuppressesKeysAndKeepsText" methodname="TextFieldImeCompositionSuppressesKeysAndKeepsText" classname="NowControlsAdvancedTests" runstate="Runnable" seed="1778093192" result="Passed" start-time="2026-07-03 16:39:55Z" end-time="2026-07-03 16:39:55Z" duration="0.001483" asserts="0">
          <properties>
            <property name="retryIteration" value="0" />
            <property name="repeatIteration" value="0" />
          </properties>
        </test-case>
        <test-case id="1061" name="TextFieldSelectAllThenTypeReplaces" fullname="NowControlsAdvancedTests.TextFieldSelectAllThenTypeReplaces" methodname="TextFieldSelectAllThenTypeReplaces" classname="NowControlsAdvancedTests" runstate="Runnable" seed="1113534684" result="Passed" start-time="2026-07-03 16:39:55Z" end-time="2026-07-03 16:39:55Z" duration="0.000226" asserts="0">
          <properties>
            <property name="retryIteration" value="0" />
            <property name="repeatIteration" value="0" />
          </properties>
        </test-case>
        <test-case id="1064" name="TextFieldTripleClickSelectsLine" fullname="NowControlsAdvancedTests.TextFieldTripleClickSelectsLine" methodname="TextFieldTripleClickSelectsLine" classname="NowControlsAdvancedTests" runstate="Runnable" seed="944719762" result="Passed" start-time="2026-07-03 16:39:55Z" end-time="2026-07-03 16:39:55Z" duration="0.000331" asserts="0">
          <properties>
            <property name="retryIteration" value="0" />
            <property name="repeatIteration" value="0" />
          </properties>
        </test-case>
        <test-case id="1035" name="TextFieldTypesCharactersWhileFocused" fullname="NowControlsAdvancedTests.TextFieldTypesCharactersWhileFocused" methodname="TextFieldTypesCharactersWhileFocused" classname="NowControlsAdvancedTests" runstate="Runnable" seed="339859820" result="Passed" start-time="2026-07-03 16:39:55Z" end-time="2026-07-03 16:39:55Z" duration="0.000222" asserts="0">
          <properties>
            <property name="retryIteration" value="0" />
            <property name="repeatIteration" value="0" />
          </properties>
        </test-case>
        <test-case id="1038" name="ThemePresetContextMenusStayCompact" fullname="NowControlsAdvancedTests.ThemePresetContextMenusStayCompact" methodname="ThemePresetContextMenusStayCompact" classname="NowControlsAdvancedTests" runstate="Runnable" seed="923667020" result="Passed" start-time="2026-07-03 16:39:55Z" end-time="2026-07-03 16:39:55Z" duration="0.003751" asserts="0">
          <properties>
            <property name="retryIteration" value="0" />
            <property name="repeatIteration" value="0" />
          </properties>
        </test-case>
      </test-suite>
      <test-suite type="TestFixture" id="1089" name="NowControlsTests" fullname="NowControlsTests" classname="NowControlsTests" runstate="Runnable" testcasecount="59" result="Skipped" label="Ignored" start-time="2026-07-03 16:39:55Z" end-time="2026-07-03 16:39:55Z" duration="0.132666" total="59" passed="58" failed="0" inconclusive="0" skipped="1" asserts="0">
        <properties />
        <reason>
          <message><![CDATA[One or more child tests were ignored]]></message>
        </reason>
        <test-case id="1141" name="BeginButtonGrowsToEncompassContent" fullname="NowControlsTests.BeginButtonGrowsToEncompassContent" methodname="BeginButtonGrowsToEncompassContent" classname="NowControlsTests" runstate="Runnable" seed="1472461483" result="Passed" start-time="2026-07-03 16:39:55Z" end-time="2026-07-03 16:39:55Z" duration="0.001654" asserts="0">
          <properties>
            <property name="retryIteration" value="0" />
            <property name="repeatIteration" value="0" />
          </properties>
        </test-case>
        <test-case id="1133" name="ButtonBuilderAppliesExplicitNavigation" fullname="NowControlsTests.ButtonBuilderAppliesExplicitNavigation" methodname="ButtonBuilderAppliesExplicitNavigation" classname="NowControlsTests" runstate="Runnable" seed="41904018" result="Passed" start-time="2026-07-03 16:39:55Z" end-time="2026-07-03 16:39:55Z" duration="0.004707" asserts="0">
          <properties>
            <property name="retryIteration" value="0" />
            <property name="repeatIteration" value="0" />
          </properties>
        </test-case>
        <test-case id="1095" name="ButtonClicksOnPressAndReleaseInside" fullname="NowControlsTests.ButtonClicksOnPressAndReleaseInside" methodname="ButtonClicksOnPressAndReleaseInside" classname="NowControlsTests" runstate="Runnable" seed="643111377" result="Passed" start-time="2026-07-03 16:39:55Z" end-time="2026-07-03 16:39:55Z" duration="0.001706" asserts="0">
          <properties>
            <property name="retryIteration" value="0" />
            <property name="repeatIteration" value="0" />
          </properties>
        </test-case>
        <test-case id="1140" name="ButtonContentScopeReportsClickInside" fullname="NowControlsTests.ButtonContentScopeReportsClickInside" methodname="ButtonContentScopeReportsClickInside" classname="NowControlsTests" runstate="Runnable" seed="925665501" result="Passed" start-time="2026-07-03 16:39:55Z" end-time="2026-07-03 16:39:55Z" duration="0.001392" asserts="0">
          <properties>
            <property name="retryIteration" value="0" />
            <property name="repeatIteration" value="0" />
          </properties>
        </test-case>
        <test-case id="1097" name="ButtonDoesNotClickWhenReleasedOutside" fullname="NowControlsTests.ButtonDoesNotClickWhenReleasedOutside" methodname="ButtonDoesNotClickWhenReleasedOutside" classname="NowControlsTests" runstate="Runnable" seed="198983678" result="Passed" start-time="2026-07-03 16:39:55Z" end-time="2026-07-03 16:39:55Z" duration="0.000196" asserts="0">
          <properties>
            <property name="retryIteration" value="0" />
            <property name="repeatIteration" value="0" />
          </properties>
        </test-case>
        <test-case id="1099" name="ButtonPressTakesFocus" fullname="NowControlsTests.ButtonPressTakesFocus" methodname="ButtonPressTakesFocus" classname="NowControlsTests" runstate="Runnable" seed="374449897" result="Passed" start-time="2026-07-03 16:39:55Z" end-time="2026-07-03 16:39:55Z" duration="0.000249" asserts="0">
          <properties>
            <property name="retryIteration" value="0" />
            <property name="repeatIteration" value="0" />
          </properties>
        </test-case>
        <test-case id="1135" name="CancelClearsFocus" fullname="NowControlsTests.CancelClearsFocus" methodname="CancelClearsFocus" classname="NowControlsTests" runstate="Runnable" seed="434663441" result="Passed" start-time="2026-07-03 16:39:55Z" end-time="2026-07-03 16:39:55Z" duration="0.000218" asserts="0">
          <properties>
            <property name="retryIteration" value="0" />
            <property name="repeatIteration" value="0" />
          </properties>
        </test-case>
        <test-case id="1142" name="CheckboxContentScopeTogglesInside" fullname="NowControlsTests.CheckboxContentScopeTogglesInside" methodname="CheckboxContentScopeTogglesInside" classname="NowControlsTests" runstate="Runnable" seed="844159366" result="Passed" start-time="2026-07-03 16:39:55Z" end-time="2026-07-03 16:39:55Z" duration="0.002179" asserts="0">
          <properties>
            <property name="retryIteration" value="0" />
            <property name="repeatIteration" value="0" />
          </properties>
        </test-case>
        <test-case id="1103" name="CheckboxTogglesRefValueOnClick" fullname="NowControlsTests.CheckboxTogglesRefValueOnClick" methodname="CheckboxTogglesRefValueOnClick" classname="NowControlsTests" runstate="Runnable" seed="1816031280" result="Passed" start-time="2026-07-03 16:39:55Z" end-time="2026-07-03 16:39:55Z" duration="0.000389" asserts="0">
          <properties>
            <property name="retryIteration" value="0" />
            <property name="repeatIteration" value="0" />
          </properties>
        </test-case>
        <test-case id="1108" name="CombineIdIsStableAndNeverZero" fullname="NowControlsTests.CombineIdIsStableAndNeverZero" methodname="CombineIdIsStableAndNeverZero" classname="NowControlsTests" runstate="Runnable" seed="112526486" result="Passed" start-time="2026-07-03 16:39:55Z" end-time="2026-07-03 16:39:55Z" duration="0.000165" asserts="0">
          <properties>
            <property name="retryIteration" value="0" />
            <property name="repeatIteration" value="0" />
          </properties>
        </test-case>
        <test-case id="1102" name="ControlInteractCanResolveOptionalBuilderIdentity" fullname="NowControlsTests.ControlInteractCanResolveOptionalBuilderIdentity" methodname="ControlInteractCanResolveOptionalBuilderIdentity" classname="NowControlsTests" runstate="Runnable" seed="408879324" result="Passed" start-time="2026-07-03 16:39:55Z" end-time="2026-07-03 16:39:55Z" duration="0.000337" asserts="0">
          <properties>
            <property name="retryIteration" value="0" />
            <property name="repeatIteration" value="0" />
          </properties>
        </test-case>
        <test-case id="1137" name="ControlStateNamedSlotsUseDerivedIds" fullname="NowControlsTests.ControlStateNamedSlotsUseDerivedIds" methodname="ControlStateNamedSlotsUseDerivedIds" classname="NowControlsTests" runstate="Runnable" seed="1391508697" result="Passed" start-time="2026-07-03 16:39:55Z" end-time="2026-07-03 16:39:55Z" duration="0.000289" asserts="0">
          <properties>
            <property name="retryIteration" value="0" />
            <property name="repeatIteration" value="0" />
          </properties>
        </test-case>
        <test-case id="1136" name="ControlStateSlotsPersistAndReset" fullname="NowControlsTests.ControlStateSlotsPersistAndReset" methodname="ControlStateSlotsPersistAndReset" classname="NowControlsTests" runstate="Runnable" seed="1232082679" result="Passed" start-time="2026-07-03 16:39:55Z" end-time="2026-07-03 16:39:55Z" duration="0.000135" asserts="0">
          <properties>
            <property name="retryIteration" value="0" />
            <property name="repeatIteration" value="0" />
          </properties>
        </test-case>
        <test-case id="1094" name="ControlStateWarmupCreatesSlotWithoutOverwritingExistingValue" fullname="NowControlsTests.ControlStateWarmupCreatesSlotWithoutOverwritingExistingValue" methodname="ControlStateWarmupCreatesSlotWithoutOverwritingExistingValue" classname="NowControlsTests" runstate="Runnable" seed="1783876186" result="Passed" start-time="2026-07-03 16:39:55Z" end-time="2026-07-03 16:39:55Z" duration="0.000134" asserts="0">
          <properties>
            <property name="retryIteration" value="0" />
            <property name="repeatIteration" value="0" />
          </properties>
        </test-case>
        <test-case id="1090" name="CornerRadiusUsesNamedCornerOrder" fullname="NowControlsTests.CornerRadiusUsesNamedCornerOrder" methodname="CornerRadiusUsesNamedCornerOrder" classname="NowControlsTests" runstate="Runnable" seed="2093511923" result="Passed" start-time="2026-07-03 16:39:55Z" end-time="2026-07-03 16:39:55Z" duration="0.000382" asserts="0">
          <properties>
            <property name="retryIteration" value="0" />
            <property name="repeatIteration" value="0" />
          </properties>
        </test-case>
        <test-case id="1145" name="DefaultThemeIsAvailable" fullname="NowControlsTests.DefaultThemeIsAvailable" methodname="DefaultThemeIsAvailable" classname="NowControlsTests" runstate="Runnable" seed="1050752366" result="Passed" start-time="2026-07-03 16:39:55Z" end-time="2026-07-03 16:39:55Z" duration="0.000180" asserts="0">
          <properties>
            <property name="retryIteration" value="0" />
            <property name="repeatIteration" value="0" />
          </properties>
        </test-case>
        <test-case id="1127" name="DirectionalNavigationRemembersCrossAxisOrigin" fullname="NowControlsTests.DirectionalNavigationRemembersCrossAxisOrigin" methodname="DirectionalNavigationRemembersCrossAxisOrigin" classname="NowControlsTests" runstate="Runnable" seed="1602519812" result="Passed" start-time="2026-07-03 16:39:55Z" end-time="2026-07-03 16:39:55Z" duration="0.000330" asserts="0">
          <properties>
            <property name="retryIteration" value="0" />
            <property name="repeatIteration" value="0" />
          </properties>
        </test-case>
        <test-case id="1119" name="DirectionalNavigationWithoutFocusStartsAtOppositeEdge" fullname="NowControlsTests.DirectionalNavigationWithoutFocusStartsAtOppositeEdge" methodname="DirectionalNavigationWithoutFocusStartsAtOppositeEdge" classname="NowControlsTests" runstate="Runnable" seed="1103848752" result="Passed" start-time="2026-07-03 16:39:55Z" end-time="2026-07-03 16:39:55Z" duration="0.000371" asserts="0">
          <properties>
            <property name="retryIteration" value="0" />
            <property name="repeatIteration" value="0" />
          </properties>
        </test-case>
        <test-case id="1106" name="DuplicateLabelsGetDistinctStableIds" fullname="NowControlsTests.DuplicateLabelsGetDistinctStableIds" methodname="DuplicateLabelsGetDistinctStableIds" classname="NowControlsTests" runstate="Runnable" seed="1508900467" result="Passed" start-time="2026-07-03 16:39:55Z" end-time="2026-07-03 16:39:55Z" duration="0.000200" asserts="0">
          <properties>
            <property name="retryIteration" value="0" />
            <property name="repeatIteration" value="0" />
          </properties>
        </test-case>
        <test-case id="1131" name="EdgeFocusSeedingPrefersVisibleControls" fullname="NowControlsTests.EdgeFocusSeedingPrefersVisibleControls" methodname="EdgeFocusSeedingPrefersVisibleControls" classname="NowControlsTests" runstate="Runnable" seed="242542760" result="Passed" start-time="2026-07-03 16:39:55Z" end-time="2026-07-03 16:39:55Z" duration="0.000256" asserts="0">
          <properties>
            <property name="retryIteration" value="0" />
            <property name="repeatIteration" value="0" />
          </properties>
        </test-case>
        <test-case id="1144" name="EventSystemSelectionSuspendsNowFocus" fullname="NowControlsTests.EventSystemSelectionSuspendsNowFocus" methodname="EventSystemSelectionSuspendsNowFocus" classname="NowControlsTests" runstate="Runnable" seed="1580839351" result="Skipped" label="Ignored" start-time="2026-07-03 16:39:55Z" end-time="2026-07-03 16:39:55Z" duration="0.002773" asserts="0">
          <properties>
            <property name="retryIteration" value="0" />
            <property name="repeatIteration" value="0" />
          </properties>
          <reason>
            <message><![CDATA[EventSystem.current unavailable in this environment.]]></message>
          </reason>
        </test-case>
        <test-case id="1126" name="ExplicitDirectionalNavigationFallsBackWhenTargetIsMissing" fullname="NowControlsTests.ExplicitDirectionalNavigationFallsBackWhenTargetIsMissing" methodname="ExplicitDirectionalNavigationFallsBackWhenTargetIsMissing" classname="NowControlsTests" runstate="Runnable" seed="179624239" result="Passed" start-time="2026-07-03 16:39:55Z" end-time="2026-07-03 16:39:55Z" duration="0.000240" asserts="0">
          <properties>
            <property name="retryIteration" value="0" />
            <property name="repeatIteration" value="0" />
          </properties>
        </test-case>
        <test-case id="1125" name="ExplicitDirectionalNavigationOverridesSpatialChoice" fullname="NowControlsTests.ExplicitDirectionalNavigationOverridesSpatialChoice" methodname="ExplicitDirectionalNavigationOverridesSpatialChoice" classname="NowControlsTests" runstate="Runnable" seed="749080172" result="Passed" start-time="2026-07-03 16:39:55Z" end-time="2026-07-03 16:39:55Z" duration="0.000244" asserts="0">
          <properties>
            <property name="retryIteration" value="0" />
            <property name="repeatIteration" value="0" />
          </properties>
        </test-case>
        <test-case id="1128" name="ExplicitFocusClearsDirectionalNavigationMemory" fullname="NowControlsTests.ExplicitFocusClearsDirectionalNavigationMemory" methodname="ExplicitFocusClearsDirectionalNavigationMemory" classname="NowControlsTests" runstate="Runnable" seed="133837117" result="Passed" start-time="2026-07-03 16:39:55Z" end-time="2026-07-03 16:39:55Z" duration="0.000180" asserts="0">
          <properties>
            <property name="retryIteration" value="0" />
            <property name="repeatIteration" value="0" />
          </properties>
        </test-case>
        <test-case id="1132" name="ExplicitTabNavigationOverridesRegistrationOrder" fullname="NowControlsTests.ExplicitTabNavigationOverridesRegistrationOrder" methodname="ExplicitTabNavigationOverridesRegistrationOrder" classname="NowControlsTests" runstate="Runnable" seed="607121278" result="Passed" start-time="2026-07-03 16:39:55Z" end-time="2026-07-03 16:39:55Z" duration="0.000445" asserts="0">
          <properties>
            <property name="retryIteration" value="0" />
            <property name="repeatIteration" value="0" />
          </properties>
        </test-case>
        <test-case id="1100" name="FocusedButtonActivatesOnSubmit" fullname="NowControlsTests.FocusedButtonActivatesOnSubmit" methodname="FocusedButtonActivatesOnSubmit" classname="NowControlsTests" runstate="Runnable" seed="636778232" result="Passed" start-time="2026-07-03 16:39:55Z" end-time="2026-07-03 16:39:55Z" duration="0.000301" asserts="0">
          <properties>
            <property name="retryIteration" value="0" />
            <property name="repeatIteration" value="0" />
          </properties>
        </test-case>
        <test-case id="1124" name="HeldDirectionalNavigationRepeatsAfterDelay" fullname="NowControlsTests.HeldDirectionalNavigationRepeatsAfterDelay" methodname="HeldDirectionalNavigationRepeatsAfterDelay" classname="NowControlsTests" runstate="Runnable" seed="919492368" result="Passed" start-time="2026-07-03 16:39:55Z" end-time="2026-07-03 16:39:55Z" duration="0.000343" asserts="0">
          <properties>
            <property name="retryIteration" value="0" />
            <property name="repeatIteration" value="0" />
          </properties>
        </test-case>
        <test-case id="1129" name="HorizontalMoveUpdatesDirectionalNavigationMemory" fullname="NowControlsTests.HorizontalMoveUpdatesDirectionalNavigationMemory" methodname="HorizontalMoveUpdatesDirectionalNavigationMemory" classname="NowControlsTests" runstate="Runnable" seed="1260416238" result="Passed" start-time="2026-07-03 16:39:55Z" end-time="2026-07-03 16:39:55Z" duration="0.000283" asserts="0">
          <properties>
            <property name="retryIteration" value="0" />
            <property name="repeatIteration" value="0" />
          </properties>
        </test-case>
        <test-case id="1101" name="IdlessControlInteractUsesCallSiteIdentityAcrossFrames" fullname="NowControlsTests.IdlessControlInteractUsesCallSiteIdentityAcrossFrames" methodname="IdlessControlInteractUsesCallSiteIdentityAcrossFrames" classname="NowControlsTests" runstate="Runnable" seed="604785417" result="Passed" start-time="2026-07-03 16:39:55Z" end-time="2026-07-03 16:39:55Z" duration="0.000538" asserts="0">
          <properties>
            <property name="retryIteration" value="0" />
            <property name="repeatIteration" value="0" />
          </properties>
        </test-case>
        <test-case id="1112" name="IdlessInteractClicksAcrossFramesFromOneSite" fullname="NowControlsTests.IdlessInteractClicksAcrossFramesFromOneSite" methodname="IdlessInteractClicksAcrossFramesFromOneSite" classname="NowControlsTests" runstate="Runnable" seed="1448340012" result="Passed" start-time="2026-07-03 16:39:55Z" end-time="2026-07-03 16:39:55Z" duration="0.000454" asserts="0">
          <properties>
            <property name="retryIteration" value="0" />
            <property name="repeatIteration" value="0" />
          </properties>
        </test-case>
        <test-case id="1116" name="IdScopesDisambiguateIdenticalLabels" fullname="NowControlsTests.IdScopesDisambiguateIdenticalLabels" methodname="IdScopesDisambiguateIdenticalLabels" classname="NowControlsTests" runstate="Runnable" seed="1688971622" result="Passed" start-time="2026-07-03 16:39:55Z" end-time="2026-07-03 16:39:55Z" duration="0.000471" asserts="0">
          <properties>
            <property name="retryIteration" value="0" />
            <property name="repeatIteration" value="0" />
          </properties>
        </test-case>
        <test-case id="1115" name="IntegerSetIdDecouplesIdentityFromLabel" fullname="NowControlsTests.IntegerSetIdDecouplesIdentityFromLabel" methodname="IntegerSetIdDecouplesIdentityFromLabel" classname="NowControlsTests" runstate="Runnable" seed="423559969" result="Passed" start-time="2026-07-03 16:39:55Z" end-time="2026-07-03 16:39:55Z" duration="0.002170" asserts="0">
          <properties>
            <property name="retryIteration" value="0" />
            <property name="repeatIteration" value="0" />
          </properties>
        </test-case>
        <test-case id="1096" name="InteractRequestsRepaintOnlyWhenInteractionStateChanges" fullname="NowControlsTests.InteractRequestsRepaintOnlyWhenInteractionStateChanges" methodname="InteractRequestsRepaintOnlyWhenInteractionStateChanges" classname="NowControlsTests" runstate="Runnable" seed="1516346172" result="Passed" start-time="2026-07-03 16:39:55Z" end-time="2026-07-03 16:39:55Z" duration="0.000323" asserts="0">
          <properties>
            <property name="retryIteration" value="0" />
            <property name="repeatIteration" value="0" />
          </properties>
        </test-case>
        <test-case id="1130" name="NavigationMemoryShiftsWithScrolledContent" fullname="NowControlsTests.NavigationMemoryShiftsWithScrolledContent" methodname="NavigationMemoryShiftsWithScrolledContent" classname="NowControlsTests" runstate="Runnable" seed="342958743" result="Passed" start-time="2026-07-03 16:39:55Z" end-time="2026-07-03 16:39:55Z" duration="0.000370" asserts="0">
          <properties>
            <property name="retryIteration" value="0" />
            <property name="repeatIteration" value="0" />
          </properties>
        </test-case>
        <test-case id="1123" name="NestedOverlayNavigationUsesTopmostLayer" fullname="NowControlsTests.NestedOverlayNavigationUsesTopmostLayer" methodname="NestedOverlayNavigationUsesTopmostLayer" classname="NowControlsTests" runstate="Runnable" seed="571195923" result="Passed" start-time="2026-07-03 16:39:55Z" end-time="2026-07-03 16:39:55Z" duration="0.000383" asserts="0">
          <properties>
            <property name="retryIteration" value="0" />
            <property name="repeatIteration" value="0" />
          </properties>
        </test-case>
        <test-case id="1111" name="NowIdInteractClicksAcrossFrames" fullname="NowControlsTests.NowIdInteractClicksAcrossFrames" methodname="NowIdInteractClicksAcrossFrames" classname="NowControlsTests" runstate="Runnable" seed="1215732796" result="Passed" start-time="2026-07-03 16:39:55Z" end-time="2026-07-03 16:39:55Z" duration="0.000318" asserts="0">
          <properties>
            <property name="retryIteration" value="0" />
            <property name="repeatIteration" value="0" />
          </properties>
        </test-case>
        <test-case id="1110" name="NowIdRejectsReservedOrEmptyExplicitIds" fullname="NowControlsTests.NowIdRejectsReservedOrEmptyExplicitIds" methodname="NowIdRejectsReservedOrEmptyExplicitIds" classname="NowControlsTests" runstate="Runnable" seed="1031119389" result="Passed" start-time="2026-07-03 16:39:55Z" end-time="2026-07-03 16:39:55Z" duration="0.000889" asserts="0">
          <properties>
            <property name="retryIteration" value="0" />
            <property name="repeatIteration" value="0" />
          </properties>
        </test-case>
        <test-case id="1109" name="NowIdSupportsStringIntAndDefaultIdentity" fullname="NowControlsTests.NowIdSupportsStringIntAndDefaultIdentity" methodname="NowIdSupportsStringIntAndDefaultIdentity" classname="NowControlsTests" runstate="Runnable" seed="1730242820" result="Passed" start-time="2026-07-03 16:39:55Z" end-time="2026-07-03 16:39:55Z" duration="0.000274" asserts="0">
          <properties>
            <property name="retryIteration" value="0" />
            <property name="repeatIteration" value="0" />
          </properties>
        </test-case>
        <test-case id="1121" name="OverlayNavigationIgnoresBaseLayerControls" fullname="NowControlsTests.OverlayNavigationIgnoresBaseLayerControls" methodname="OverlayNavigationIgnoresBaseLayerControls" classname="NowControlsTests" runstate="Runnable" seed="1313033606" result="Passed" start-time="2026-07-03 16:39:55Z" end-time="2026-07-03 16:39:55Z" duration="0.000320" asserts="0">
          <properties>
            <property name="retryIteration" value="0" />
            <property name="repeatIteration" value="0" />
          </properties>
        </test-case>
        <test-case id="1122" name="OverlaySubmitIgnoresFocusedBaseLayerControl" fullname="NowControlsTests.OverlaySubmitIgnoresFocusedBaseLayerControl" methodname="OverlaySubmitIgnoresFocusedBaseLayerControl" classname="NowControlsTests" runstate="Runnable" seed="1708260896" result="Passed" start-time="2026-07-03 16:39:55Z" end-time="2026-07-03 16:39:55Z" duration="0.000323" asserts="0">
          <properties>
            <property name="retryIteration" value="0" />
            <property name="repeatIteration" value="0" />
          </properties>
        </test-case>
        <test-case id="1098" name="PassiveMeasurePassMirrorsActiveOccurrenceSalting" fullname="NowControlsTests.PassiveMeasurePassMirrorsActiveOccurrenceSalting" methodname="PassiveMeasurePassMirrorsActiveOccurrenceSalting" classname="NowControlsTests" runstate="Runnable" seed="1420167693" result="Passed" start-time="2026-07-03 16:39:55Z" end-time="2026-07-03 16:39:55Z" duration="0.000263" asserts="0">
          <properties>
            <property name="retryIteration" value="0" />
            <property name="repeatIteration" value="0" />
          </properties>
        </test-case>
        <test-case id="1093" name="PressAnimationDoesNotStartDuringPassiveMeasurePass" fullname="NowControlsTests.PressAnimationDoesNotStartDuringPassiveMeasurePass" methodname="PressAnimationDoesNotStartDuringPassiveMeasurePass" classname="NowControlsTests" runstate="Runnable" seed="2001721955" result="Passed" start-time="2026-07-03 16:39:55Z" end-time="2026-07-03 16:39:55Z" duration="0.001604" asserts="0">
          <properties>
            <property name="retryIteration" value="0" />
            <property name="repeatIteration" value="0" />
          </properties>
        </test-case>
        <test-case id="1092" name="PressAnimationStartsOnTriggerAndRequestsRepaint" fullname="NowControlsTests.PressAnimationStartsOnTriggerAndRequestsRepaint" methodname="PressAnimationStartsOnTriggerAndRequestsRepaint" classname="NowControlsTests" runstate="Runnable" seed="1017563159" result="Passed" start-time="2026-07-03 16:39:55Z" end-time="2026-07-03 16:39:55Z" duration="0.000225" asserts="0">
          <properties>
            <property name="retryIteration" value="0" />
            <property name="repeatIteration" value="0" />
          </properties>
        </test-case>
        <test-case id="1143" name="RadioContentScopeReportsClickInside" fullname="NowControlsTests.RadioContentScopeReportsClickInside" methodname="RadioContentScopeReportsClickInside" classname="NowControlsTests" runstate="Runnable" seed="1091638528" result="Passed" start-time="2026-07-03 16:39:55Z" end-time="2026-07-03 16:39:55Z" duration="0.000698" asserts="0">
          <properties>
            <property name="retryIteration" value="0" />
            <property name="repeatIteration" value="0" />
          </properties>
        </test-case>
        <test-case id="1104" name="RadioReportsClickForSelection" fullname="NowControlsTests.RadioReportsClickForSelection" methodname="RadioReportsClickForSelection" classname="NowControlsTests" runstate="Runnable" seed="1024893440" result="Passed" start-time="2026-07-03 16:39:55Z" end-time="2026-07-03 16:39:55Z" duration="0.000339" asserts="0">
          <properties>
            <property name="retryIteration" value="0" />
            <property name="repeatIteration" value="0" />
          </properties>
        </test-case>
        <test-case id="1139" name="RepeatNamedKeysUseSeparateSlots" fullname="NowControlsTests.RepeatNamedKeysUseSeparateSlots" methodname="RepeatNamedKeysUseSeparateSlots" classname="NowControlsTests" runstate="Runnable" seed="818183827" result="Passed" start-time="2026-07-03 16:39:55Z" end-time="2026-07-03 16:39:55Z" duration="0.000158" asserts="0">
          <properties>
            <property name="retryIteration" value="0" />
            <property name="repeatIteration" value="0" />
          </properties>
        </test-case>
        <test-case id="1138" name="RepeatPulsesOnInitialPress" fullname="NowControlsTests.RepeatPulsesOnInitialPress" methodname="RepeatPulsesOnInitialPress" classname="NowControlsTests" runstate="Runnable" seed="663327949" result="Passed" start-time="2026-07-03 16:39:55Z" end-time="2026-07-03 16:39:55Z" duration="0.000153" asserts="0">
          <properties>
            <property name="retryIteration" value="0" />
            <property name="repeatIteration" value="0" />
          </properties>
        </test-case>
        <test-case id="1113" name="SameLabelDifferentCallSitesAreDistinctControls" fullname="NowControlsTests.SameLabelDifferentCallSitesAreDistinctControls" methodname="SameLabelDifferentCallSitesAreDistinctControls" classname="NowControlsTests" runstate="Runnable" seed="1173708862" result="Passed" start-time="2026-07-03 16:39:55Z" end-time="2026-07-03 16:39:55Z" duration="0.000360" asserts="0">
          <properties>
            <property name="retryIteration" value="0" />
            <property name="repeatIteration" value="0" />
          </properties>
        </test-case>
[...]
          <properties>
            <property name="retryIteration" value="0" />
            <property name="repeatIteration" value="0" />
          </properties>
        </test-case>
        <test-case id="1792" name="WorldContextMenuOverhangDoesNotClickSurfaceBehind" fullname="NowWorldGraphicTests.WorldContextMenuOverhangDoesNotClickSurfaceBehind" methodname="WorldContextMenuOverhangDoesNotClickSurfaceBehind" classname="NowWorldGraphicTests" runstate="Runnable" seed="944014366" result="Passed" start-time="2026-07-03 16:40:00Z" end-time="2026-07-03 16:40:00Z" duration="0.001021" asserts="0">
          <properties>
            <property name="retryIteration" value="0" />
            <property name="repeatIteration" value="0" />
          </properties>
        </test-case>
        <test-case id="1811" name="WorldDeformerCanMoveVerticesInLocalZ" fullname="NowWorldGraphicTests.WorldDeformerCanMoveVerticesInLocalZ" methodname="WorldDeformerCanMoveVerticesInLocalZ" classname="NowWorldGraphicTests" runstate="Runnable" seed="905835661" result="Passed" start-time="2026-07-03 16:40:00Z" end-time="2026-07-03 16:40:00Z" duration="0.000645" asserts="0">
          <properties>
            <property name="retryIteration" value="0" />
            <property name="repeatIteration" value="0" />
          </properties>
        </test-case>
        <test-case id="1810" name="WorldGlassBackdropCollectsWorldGraphicsBehindRequester" fullname="NowWorldGraphicTests.WorldGlassBackdropCollectsWorldGraphicsBehindRequester" methodname="WorldGlassBackdropCollectsWorldGraphicsBehindRequester" classname="NowWorldGraphicTests" runstate="Runnable" seed="956365228" result="Passed" start-time="2026-07-03 16:40:00Z" end-time="2026-07-03 16:40:00Z" duration="0.001730" asserts="0">
          <properties>
            <property name="retryIteration" value="0" />
            <property name="repeatIteration" value="0" />
          </properties>
        </test-case>
        <test-case id="1809" name="WorldGlassBackdropModeNormalizesLegacyValues" fullname="NowWorldGraphicTests.WorldGlassBackdropModeNormalizesLegacyValues" methodname="WorldGlassBackdropModeNormalizesLegacyValues" classname="NowWorldGraphicTests" runstate="Runnable" seed="1837938442" result="Passed" start-time="2026-07-03 16:40:00Z" end-time="2026-07-03 16:40:00Z" duration="0.000342" asserts="0">
          <properties>
            <property name="retryIteration" value="0" />
            <property name="repeatIteration" value="0" />
          </properties>
        </test-case>
        <test-case id="1808" name="WorldGlassMaterialFollowsBackdropMode" fullname="NowWorldGraphicTests.WorldGlassMaterialFollowsBackdropMode" methodname="WorldGlassMaterialFollowsBackdropMode" classname="NowWorldGraphicTests" runstate="Runnable" seed="527600630" result="Passed" start-time="2026-07-03 16:40:00Z" end-time="2026-07-03 16:40:00Z" duration="0.000458" asserts="0">
          <properties>
            <property name="retryIteration" value="0" />
            <property name="repeatIteration" value="0" />
          </properties>
        </test-case>
        <test-case id="1805" name="WorldGraphicAnimationCurveFieldClickAddsPopupGeometry" fullname="NowWorldGraphicTests.WorldGraphicAnimationCurveFieldClickAddsPopupGeometry" methodname="WorldGraphicAnimationCurveFieldClickAddsPopupGeometry" classname="NowWorldGraphicTests" runstate="Runnable" seed="939631651" result="Passed" start-time="2026-07-03 16:40:00Z" end-time="2026-07-03 16:40:00Z" duration="0.002569" asserts="0">
          <properties>
            <property name="retryIteration" value="0" />
            <property name="repeatIteration" value="0" />
          </properties>
        </test-case>
        <test-case id="1786" name="WorldGraphicAntiAliasSmoothingLowersCaptureScale" fullname="NowWorldGraphicTests.WorldGraphicAntiAliasSmoothingLowersCaptureScale" methodname="WorldGraphicAntiAliasSmoothingLowersCaptureScale" classname="NowWorldGraphicTests" runstate="Runnable" seed="918760632" result="Passed" start-time="2026-07-03 16:40:00Z" end-time="2026-07-03 16:40:00Z" duration="0.000882" asserts="0">
          <properties>
            <property name="retryIteration" value="0" />
            <property name="repeatIteration" value="0" />
          </properties>
        </test-case>
        <test-case id="1788" name="WorldGraphicCanAutoSizeLayoutHeightFromFixedWidth" fullname="NowWorldGraphicTests.WorldGraphicCanAutoSizeLayoutHeightFromFixedWidth" methodname="WorldGraphicCanAutoSizeLayoutHeightFromFixedWidth" classname="NowWorldGraphicTests" runstate="Runnable" seed="1258541197" result="Passed" start-time="2026-07-03 16:40:00Z" end-time="2026-07-03 16:40:00Z" duration="0.000515" asserts="0">
          <properties>
            <property name="retryIteration" value="0" />
            <property name="repeatIteration" value="0" />
          </properties>
        </test-case>
        <test-case id="1787" name="WorldGraphicCanAutoSizeToLayoutContent" fullname="NowWorldGraphicTests.WorldGraphicCanAutoSizeToLayoutContent" methodname="WorldGraphicCanAutoSizeToLayoutContent" classname="NowWorldGraphicTests" runstate="Runnable" seed="2029899251" result="Passed" start-time="2026-07-03 16:40:00Z" end-time="2026-07-03 16:40:00Z" duration="0.000271" asserts="0">
          <properties>
            <property name="retryIteration" value="0" />
            <property name="repeatIteration" value="0" />
          </properties>
        </test-case>
        <test-case id="1804" name="WorldGraphicInputIgnoresOuterTransformStack" fullname="NowWorldGraphicTests.WorldGraphicInputIgnoresOuterTransformStack" methodname="WorldGraphicInputIgnoresOuterTransformStack" classname="NowWorldGraphicTests" runstate="Runnable" seed="1020705917" result="Passed" start-time="2026-07-03 16:40:00Z" end-time="2026-07-03 16:40:00Z" duration="0.000552" asserts="0">
          <properties>
            <property name="retryIteration" value="0" />
            <property name="repeatIteration" value="0" />
          </properties>
        </test-case>
        <test-case id="1790" name="WorldGraphicRebuildIsAllocationFreeAfterWarmup" fullname="NowWorldGraphicTests.WorldGraphicRebuildIsAllocationFreeAfterWarmup" methodname="WorldGraphicRebuildIsAllocationFreeAfterWarmup" classname="NowWorldGraphicTests" runstate="Runnable" seed="1583548456" result="Passed" start-time="2026-07-03 16:40:00Z" end-time="2026-07-03 16:40:00Z" duration="0.000400" asserts="0">
          <properties>
            <property name="retryIteration" value="0" />
            <property name="repeatIteration" value="0" />
          </properties>
        </test-case>
        <test-case id="1803" name="WorldGraphicScopesControlsPerInstance" fullname="NowWorldGraphicTests.WorldGraphicScopesControlsPerInstance" methodname="WorldGraphicScopesControlsPerInstance" classname="NowWorldGraphicTests" runstate="Runnable" seed="973276165" result="Passed" start-time="2026-07-03 16:40:00Z" end-time="2026-07-03 16:40:00Z" duration="0.000506" asserts="0">
          <properties>
            <property name="retryIteration" value="0" />
            <property name="repeatIteration" value="0" />
          </properties>
        </test-case>
        <test-case id="1789" name="WorldGraphicSkipsRebuildWhenOutsideTargetCameraFrustum" fullname="NowWorldGraphicTests.WorldGraphicSkipsRebuildWhenOutsideTargetCameraFrustum" methodname="WorldGraphicSkipsRebuildWhenOutsideTargetCameraFrustum" classname="NowWorldGraphicTests" runstate="Runnable" seed="1044820544" result="Passed" start-time="2026-07-03 16:40:00Z" end-time="2026-07-03 16:40:00Z" duration="0.000865" asserts="0">
          <properties>
            <property name="retryIteration" value="0" />
            <property name="repeatIteration" value="0" />
          </properties>
        </test-case>
        <test-case id="1785" name="WorldGraphicUsesProjectedPixelsPerUiUnitForCapture" fullname="NowWorldGraphicTests.WorldGraphicUsesProjectedPixelsPerUiUnitForCapture" methodname="WorldGraphicUsesProjectedPixelsPerUiUnitForCapture" classname="NowWorldGraphicTests" runstate="Runnable" seed="379370409" result="Passed" start-time="2026-07-03 16:40:00Z" end-time="2026-07-03 16:40:00Z" duration="0.000529" asserts="0">
          <properties>
            <property name="retryIteration" value="0" />
            <property name="repeatIteration" value="0" />
          </properties>
        </test-case>
        <test-case id="1799" name="WorldInputBlockedFreshPressDoesNotReusePreviousHover" fullname="NowWorldGraphicTests.WorldInputBlockedFreshPressDoesNotReusePreviousHover" methodname="WorldInputBlockedFreshPressDoesNotReusePreviousHover" classname="NowWorldGraphicTests" runstate="Runnable" seed="1847897170" result="Passed" start-time="2026-07-03 16:40:00Z" end-time="2026-07-03 16:40:00Z" duration="0.000662" asserts="0">
          <properties>
            <property name="retryIteration" value="0" />
            <property name="repeatIteration" value="0" />
          </properties>
        </test-case>
        <test-case id="1800" name="WorldInputBlockedReleaseKeepsCapturedPointer" fullname="NowWorldGraphicTests.WorldInputBlockedReleaseKeepsCapturedPointer" methodname="WorldInputBlockedReleaseKeepsCapturedPointer" classname="NowWorldGraphicTests" runstate="Runnable" seed="205129001" result="Passed" start-time="2026-07-03 16:40:00Z" end-time="2026-07-03 16:40:00Z" duration="0.000575" asserts="0">
          <properties>
            <property name="retryIteration" value="0" />
            <property name="repeatIteration" value="0" />
          </properties>
        </test-case>
        <test-case id="1795" name="WorldInputMapsCameraRayToSurfaceCoordinates" fullname="NowWorldGraphicTests.WorldInputMapsCameraRayToSurfaceCoordinates" methodname="WorldInputMapsCameraRayToSurfaceCoordinates" classname="NowWorldGraphicTests" runstate="Runnable" seed="844612758" result="Passed" start-time="2026-07-03 16:40:00Z" end-time="2026-07-03 16:40:00Z" duration="0.000411" asserts="0">
          <properties>
            <property name="retryIteration" value="0" />
            <property name="repeatIteration" value="0" />
          </properties>
        </test-case>
        <test-case id="1802" name="WorldInputReleaseOutsideSurfaceClearsActiveInteraction" fullname="NowWorldGraphicTests.WorldInputReleaseOutsideSurfaceClearsActiveInteraction" methodname="WorldInputReleaseOutsideSurfaceClearsActiveInteraction" classname="NowWorldGraphicTests" runstate="Runnable" seed="1429595634" result="Passed" start-time="2026-07-03 16:40:00Z" end-time="2026-07-03 16:40:00Z" duration="0.000535" asserts="0">
          <properties>
            <property name="retryIteration" value="0" />
            <property name="repeatIteration" value="0" />
          </properties>
        </test-case>
        <test-case id="1801" name="WorldInputSceneOccludedRejectsSceneBlockedRay" fullname="NowWorldGraphicTests.WorldInputSceneOccludedRejectsSceneBlockedRay" methodname="WorldInputSceneOccludedRejectsSceneBlockedRay" classname="NowWorldGraphicTests" runstate="Runnable" seed="196343481" result="Passed" start-time="2026-07-03 16:40:00Z" end-time="2026-07-03 16:40:00Z" duration="0.006928" asserts="0">
          <properties>
            <property name="retryIteration" value="0" />
            <property name="repeatIteration" value="0" />
          </properties>
        </test-case>
        <test-case id="1796" name="WorldInputUsesFrontMostGraphicAtScreenPoint" fullname="NowWorldGraphicTests.WorldInputUsesFrontMostGraphicAtScreenPoint" methodname="WorldInputUsesFrontMostGraphicAtScreenPoint" classname="NowWorldGraphicTests" runstate="Runnable" seed="514320997" result="Passed" start-time="2026-07-03 16:40:00Z" end-time="2026-07-03 16:40:00Z" duration="0.000565" asserts="0">
          <properties>
            <property name="retryIteration" value="0" />
            <property name="repeatIteration" value="0" />
          </properties>
        </test-case>
        <test-case id="1783" name="WorldMeshMapsUiCoordinatesToLocalSpace" fullname="NowWorldGraphicTests.WorldMeshMapsUiCoordinatesToLocalSpace" methodname="WorldMeshMapsUiCoordinatesToLocalSpace" classname="NowWorldGraphicTests" runstate="Runnable" seed="886615939" result="Passed" start-time="2026-07-03 16:40:00Z" end-time="2026-07-03 16:40:00Z" duration="0.000563" asserts="0">
          <properties>
            <property name="retryIteration" value="0" />
            <property name="repeatIteration" value="0" />
          </properties>
        </test-case>
        <test-case id="1794" name="WorldPopupClampShrinksToProjectedCameraView" fullname="NowWorldGraphicTests.WorldPopupClampShrinksToProjectedCameraView" methodname="WorldPopupClampShrinksToProjectedCameraView" classname="NowWorldGraphicTests" runstate="Runnable" seed="693276487" result="Passed" start-time="2026-07-03 16:40:00Z" end-time="2026-07-03 16:40:00Z" duration="0.001027" asserts="0">
          <properties>
            <property name="retryIteration" value="0" />
            <property name="repeatIteration" value="0" />
          </properties>
        </test-case>
        <test-case id="1806" name="WorldPopupFitMovesRectIntoCameraViewOnSamePlane" fullname="NowWorldGraphicTests.WorldPopupFitMovesRectIntoCameraViewOnSamePlane" methodname="WorldPopupFitMovesRectIntoCameraViewOnSamePlane" classname="NowWorldGraphicTests" runstate="Runnable" seed="1102847814" result="Passed" start-time="2026-07-03 16:40:00Z" end-time="2026-07-03 16:40:00Z" duration="0.000700" asserts="0">
          <properties>
            <property name="retryIteration" value="0" />
            <property name="repeatIteration" value="0" />
          </properties>
        </test-case>
        <test-case id="1784" name="WorldRendererPreservesMaterialBatches" fullname="NowWorldGraphicTests.WorldRendererPreservesMaterialBatches" methodname="WorldRendererPreservesMaterialBatches" classname="NowWorldGraphicTests" runstate="Runnable" seed="1983971341" result="Passed" start-time="2026-07-03 16:40:00Z" end-time="2026-07-03 16:40:00Z" duration="0.000731" asserts="0">
          <properties>
            <property name="retryIteration" value="0" />
            <property name="repeatIteration" value="0" />
          </properties>
        </test-case>
      </test-suite>
      <test-suite type="TestFixture" id="1812" name="Simple" fullname="Simple" classname="Simple" runstate="Runnable" testcasecount="9" result="Passed" start-time="2026-07-03 16:40:00Z" end-time="2026-07-03 16:40:00Z" duration="0.004746" total="9" passed="9" failed="0" inconclusive="0" skipped="0" asserts="0">
        <properties />
        <test-case id="1820" name="FontCanResolveSupplementaryPlaneGlyphs" fullname="Simple.FontCanResolveSupplementaryPlaneGlyphs" methodname="FontCanResolveSupplementaryPlaneGlyphs" classname="Simple" runstate="Runnable" seed="1200394592" result="Passed" start-time="2026-07-03 16:40:00Z" end-time="2026-07-03 16:40:00Z" duration="0.000770" asserts="0">
          <properties>
            <property name="retryIteration" value="0" />
            <property name="repeatIteration" value="0" />
          </properties>
        </test-case>
        <test-case id="1818" name="FontMeasureFallsBackWhenPreparedPrimaryFontMissesGlyph" fullname="Simple.FontMeasureFallsBackWhenPreparedPrimaryFontMissesGlyph" methodname="FontMeasureFallsBackWhenPreparedPrimaryFontMissesGlyph" classname="Simple" runstate="Runnable" seed="1733244842" result="Passed" start-time="2026-07-03 16:40:00Z" end-time="2026-07-03 16:40:00Z" duration="0.000732" asserts="0">
          <properties>
            <property name="retryIteration" value="0" />
            <property name="repeatIteration" value="0" />
          </properties>
        </test-case>
        <test-case id="1821" name="FontMeasuresTextBoundsUsingGlyphPlanes" fullname="Simple.FontMeasuresTextBoundsUsingGlyphPlanes" methodname="FontMeasuresTextBoundsUsingGlyphPlanes" classname="Simple" runstate="Runnable" seed="700078030" result="Passed" start-time="2026-07-03 16:40:00Z" end-time="2026-07-03 16:40:00Z" duration="0.000651" asserts="0">
          <properties>
            <property name="retryIteration" value="0" />
            <property name="repeatIteration" value="0" />
          </properties>
        </test-case>
        <test-case id="1817" name="FontMeasuresTextUsingGlyphAdvances" fullname="Simple.FontMeasuresTextUsingGlyphAdvances" methodname="FontMeasuresTextUsingGlyphAdvances" classname="Simple" runstate="Runnable" seed="169457134" result="Passed" start-time="2026-07-03 16:40:00Z" end-time="2026-07-03 16:40:00Z" duration="0.000412" asserts="0">
          <properties>
            <property name="retryIteration" value="0" />
            <property name="repeatIteration" value="0" />
          </properties>
        </test-case>
        <test-case id="1815" name="FontNormalizesAtlasBounds" fullname="Simple.FontNormalizesAtlasBounds" methodname="FontNormalizesAtlasBounds" classname="Simple" runstate="Runnable" seed="16764820" result="Passed" start-time="2026-07-03 16:40:00Z" end-time="2026-07-03 16:40:00Z" duration="0.000432" asserts="0">
          <properties>
            <property name="retryIteration" value="0" />
            <property name="repeatIteration" value="0" />
          </properties>
        </test-case>
        <test-case id="1819" name="FontReadsSurrogatePairAsSingleCodepoint" fullname="Simple.FontReadsSurrogatePairAsSingleCodepoint" methodname="FontReadsSurrogatePairAsSingleCodepoint" classname="Simple" runstate="Runnable" seed="219468357" result="Passed" start-time="2026-07-03 16:40:00Z" end-time="2026-07-03 16:40:00Z" duration="0.000090" asserts="0">
          <properties>
            <property name="retryIteration" value="0" />
            <property name="repeatIteration" value="0" />
          </properties>
        </test-case>
        <test-case id="1814" name="FontReturnsFalseWhenAtlasDataIsMissing" fullname="Simple.FontReturnsFalseWhenAtlasDataIsMissing" methodname="FontReturnsFalseWhenAtlasDataIsMissing" classname="Simple" runstate="Runnable" seed="1746820482" result="Passed" start-time="2026-07-03 16:40:00Z" end-time="2026-07-03 16:40:00Z" duration="0.000146" asserts="0">
          <properties>
            <property name="retryIteration" value="0" />
            <property name="repeatIteration" value="0" />
          </properties>
        </test-case>
        <test-case id="1816" name="FontSupportsSparseGlyphRanges" fullname="Simple.FontSupportsSparseGlyphRanges" methodname="FontSupportsSparseGlyphRanges" classname="Simple" runstate="Runnable" seed="2095190876" result="Passed" start-time="2026-07-03 16:40:00Z" end-time="2026-07-03 16:40:00Z" duration="0.000423" asserts="0">
          <properties>
            <property name="retryIteration" value="0" />
            <property name="repeatIteration" value="0" />
          </properties>
        </test-case>
        <test-case id="1813" name="StaticListEnsureCapacityPreservesExistingValues" fullname="Simple.StaticListEnsureCapacityPreservesExistingValues" methodname="StaticListEnsureCapacityPreservesExistingValues" classname="Simple" runstate="Runnable" seed="246646903" result="Passed" start-time="2026-07-03 16:40:00Z" end-time="2026-07-03 16:40:00Z" duration="0.000117" asserts="0">
          <properties>
            <property name="retryIteration" value="0" />
            <property name="repeatIteration" value="0" />
          </properties>
          <output><![CDATA[Saving results to: C:/Users/blenm/AppData/LocalLow/DefaultCompany/Now-UI-Unity\TestResults.xml
]]></output>
        </test-case>
      </test-suite>
    </test-suite>
  </test-suite>
</test-run>