<?xml version="1.0" encoding="utf-8"?>
<test-run id="2" testcasecount="733" result="Skipped:Ignored" total="733" passed="732" failed="0" inconclusive="0" skipped="1" asserts="0" engine-version="3.5.0.0" clr-version="4.0.30319.42000" start-time="2026-07-03 09:10:15Z" end-time="2026-07-03 09:10:20Z" duration="5.4328332">
  <test-suite type="TestSuite" id="1000" name="Now-UI-Unity" fullname="Now-UI-Unity" runstate="Runnable" testcasecount="733" result="Skipped" label="Ignored" start-time="2026-07-03 09:10:15Z" end-time="2026-07-03 09:10:20Z" duration="5.432833" total="733" passed="732" failed="0" inconclusive="0" skipped="1" asserts="0">
    <properties>
      <property name="platform" value="EditMode" />
    </properties>
    <reason>
      <message><![CDATA[One or more child tests were ignored]]></message>
    </reason>
    <test-suite type="Assembly" id="1778" name="Tests.dll" fullname="C:/wkspaces/unity/Now-UI/Library/ScriptAssemblies/Tests.dll" runstate="Runnable" testcasecount="733" result="Skipped" label="Ignored" start-time="2026-07-03 09:10:15Z" end-time="2026-07-03 09:10:20Z" duration="5.428536" total="733" passed="732" failed="0" inconclusive="0" skipped="1" asserts="0">
      <properties>
        <property name="_PID" value="55332" />
        <property name="_APPDOMAIN" value="Unity Child Domain" />
        <property name="platform" value="EditMode" />
        <property name="EditorOnly" value="True" />
      </properties>
      <reason>
        <message><![CDATA[One or more child tests were ignored]]></message>
      </reason>
      <test-suite type="TestFixture" id="1001" name="NowCodeEditorTests" fullname="NowCodeEditorTests" classname="NowCodeEditorTests" runstate="Runnable" testcasecount="23" result="Passed" start-time="2026-07-03 09:10:15Z" end-time="2026-07-03 09:10:15Z" duration="0.192114" total="23" passed="23" failed="0" inconclusive="0" skipped="0" asserts="0">
        <properties />
        <test-case id="1011" name="BackspaceInsideEmptyPairDeletesBoth" fullname="NowCodeEditorTests.BackspaceInsideEmptyPairDeletesBoth" methodname="BackspaceInsideEmptyPairDeletesBoth" classname="NowCodeEditorTests" runstate="Runnable" seed="539810655" result="Passed" start-time="2026-07-03 09:10:15Z" end-time="2026-07-03 09:10:15Z" duration="0.101090" asserts="0">
          <properties>
            <property name="retryIteration" value="0" />
            <property name="repeatIteration" value="0" />
          </properties>
        </test-case>
        <test-case id="1018" name="CopyWithoutSelectionCopiesTheWholeLine" fullname="NowCodeEditorTests.CopyWithoutSelectionCopiesTheWholeLine" methodname="CopyWithoutSelectionCopiesTheWholeLine" classname="NowCodeEditorTests" runstate="Runnable" seed="1524407975" result="Passed" start-time="2026-07-03 09:10:15Z" end-time="2026-07-03 09:10:15Z" duration="0.020722" asserts="0">
          <properties>
            <property name="retryIteration" value="0" />
            <property name="repeatIteration" value="0" />
          </properties>
        </test-case>
        <test-case id="1017" name="CtrlDDuplicatesTheCurrentLine" fullname="NowCodeEditorTests.CtrlDDuplicatesTheCurrentLine" methodname="CtrlDDuplicatesTheCurrentLine" classname="NowCodeEditorTests" runstate="Runnable" seed="836746477" result="Passed" start-time="2026-07-03 09:10:15Z" end-time="2026-07-03 09:10:15Z" duration="0.003663" asserts="0">
          <properties>
            <property name="retryIteration" value="0" />
            <property name="repeatIteration" value="0" />
          </properties>
        </test-case>
        <test-case id="1019" name="CutWithoutSelectionRemovesTheWholeLine" fullname="NowCodeEditorTests.CutWithoutSelectionRemovesTheWholeLine" methodname="CutWithoutSelectionRemovesTheWholeLine" classname="NowCodeEditorTests" runstate="Runnable" seed="1490384950" result="Passed" start-time="2026-07-03 09:10:15Z" end-time="2026-07-03 09:10:15Z" duration="0.002471" asserts="0">
          <properties>
            <property name="retryIteration" value="0" />
            <property name="repeatIteration" value="0" />
          </properties>
        </test-case>
        <test-case id="1014" name="DoubleClickDragExtendsByWholeWords" fullname="NowCodeEditorTests.DoubleClickDragExtendsByWholeWords" methodname="DoubleClickDragExtendsByWholeWords" classname="NowCodeEditorTests" runstate="Runnable" seed="126982699" result="Passed" start-time="2026-07-03 09:10:15Z" end-time="2026-07-03 09:10:15Z" duration="0.009016" asserts="0">
          <properties>
            <property name="retryIteration" value="0" />
            <property name="repeatIteration" value="0" />
          </properties>
        </test-case>
        <test-case id="1012" name="EnterBetweenBracesExpandsWithIndent" fullname="NowCodeEditorTests.EnterBetweenBracesExpandsWithIndent" methodname="EnterBetweenBracesExpandsWithIndent" classname="NowCodeEditorTests" runstate="Runnable" seed="599190657" result="Passed" start-time="2026-07-03 09:10:15Z" end-time="2026-07-03 09:10:15Z" duration="0.004841" asserts="0">
          <properties>
            <property name="retryIteration" value="0" />
            <property name="repeatIteration" value="0" />
          </properties>
        </test-case>
        <test-case id="1023" name="FocusedWheelScrollCanHideCaretUntilCaretNavigation" fullname="NowCodeEditorTests.FocusedWheelScrollCanHideCaretUntilCaretNavigation" methodname="FocusedWheelScrollCanHideCaretUntilCaretNavigation" classname="NowCodeEditorTests" runstate="Runnable" seed="1516523978" result="Passed" start-time="2026-07-03 09:10:15Z" end-time="2026-07-03 09:10:15Z" duration="0.024134" asserts="0">
          <properties>
            <property name="retryIteration" value="0" />
            <property name="repeatIteration" value="0" />
          </properties>
        </test-case>
        <test-case id="1020" name="HeldEnterRepeatsAfterAReleaseButNotWithinTheDelay" fullname="NowCodeEditorTests.HeldEnterRepeatsAfterAReleaseButNotWithinTheDelay" methodname="HeldEnterRepeatsAfterAReleaseButNotWithinTheDelay" classname="NowCodeEditorTests" runstate="Runnable" seed="1058412294" result="Passed" start-time="2026-07-03 09:10:15Z" end-time="2026-07-03 09:10:15Z" duration="0.000395" asserts="0">
          <properties>
            <property name="retryIteration" value="0" />
            <property name="repeatIteration" value="0" />
          </properties>
        </test-case>
        <test-case id="1002" name="JsonTokenizerClassifiesPropertiesStringsNumbersAndKeywords" fullname="NowCodeEditorTests.JsonTokenizerClassifiesPropertiesStringsNumbersAndKeywords" methodname="JsonTokenizerClassifiesPropertiesStringsNumbersAndKeywords" classname="NowCodeEditorTests" runstate="Runnable" seed="666200252" result="Passed" start-time="2026-07-03 09:10:15Z" end-time="2026-07-03 09:10:15Z" duration="0.000623" asserts="0">
          <properties>
            <property name="retryIteration" value="0" />
            <property name="repeatIteration" value="0" />
          </properties>
        </test-case>
        <test-case id="1003" name="JsonValidatorAcceptsValidDocuments" fullname="NowCodeEditorTests.JsonValidatorAcceptsValidDocuments" methodname="JsonValidatorAcceptsValidDocuments" classname="NowCodeEditorTests" runstate="Runnable" seed="1901787579" result="Passed" start-time="2026-07-03 09:10:15Z" end-time="2026-07-03 09:10:15Z" duration="0.000444" asserts="0">
          <properties>
            <property name="retryIteration" value="0" />
            <property name="repeatIteration" value="0" />
          </properties>
        </test-case>
        <test-case id="1005" name="JsonValidatorFlagsTrailingCommasUnterminatedStringsAndComments" fullname="NowCodeEditorTests.JsonValidatorFlagsTrailingCommasUnterminatedStringsAndComments" methodname="JsonValidatorFlagsTrailingCommasUnterminatedStringsAndComments" classname="NowCodeEditorTests" runstate="Runnable" seed="52329395" result="Passed" start-time="2026-07-03 09:10:15Z" end-time="2026-07-03 09:10:15Z" duration="0.000545" asserts="0">
          <properties>
            <property name="retryIteration" value="0" />
            <property name="repeatIteration" value="0" />
          </properties>
        </test-case>
        <test-case id="1004" name="JsonValidatorPositionsMissingCommaErrors" fullname="NowCodeEditorTests.JsonValidatorPositionsMissingCommaErrors" methodname="JsonValidatorPositionsMissingCommaErrors" classname="NowCodeEditorTests" runstate="Runnable" seed="1916634282" result="Passed" start-time="2026-07-03 09:10:15Z" end-time="2026-07-03 09:10:15Z" duration="0.000162" asserts="0">
          <properties>
            <property name="retryIteration" value="0" />
            <property name="repeatIteration" value="0" />
          </properties>
        </test-case>
        <test-case id="1007" name="MarkdownFencesDelegateToTheEmbeddedLanguage" fullname="NowCodeEditorTests.MarkdownFencesDelegateToTheEmbeddedLanguage" methodname="MarkdownFencesDelegateToTheEmbeddedLanguage" classname="NowCodeEditorTests" runstate="Runnable" seed="1889751819" result="Passed" start-time="2026-07-03 09:10:15Z" end-time="2026-07-03 09:10:15Z" duration="0.001207" asserts="0">
          <properties>
            <property name="retryIteration" value="0" />
            <property name="repeatIteration" value="0" />
          </properties>
        </test-case>
        <test-case id="1006" name="MarkdownTokenizerHighlightsStructure" fullname="NowCodeEditorTests.MarkdownTokenizerHighlightsStructure" methodname="MarkdownTokenizerHighlightsStructure" classname="NowCodeEditorTests" runstate="Runnable" seed="500835542" result="Passed" start-time="2026-07-03 09:10:15Z" end-time="2026-07-03 09:10:15Z" duration="0.000542" asserts="0">
          <properties>
            <property name="retryIteration" value="0" />
            <property name="repeatIteration" value="0" />
          </properties>
        </test-case>
        <test-case id="1008" name="MarkdownValidatorWarnsOnUnclosedFence" fullname="NowCodeEditorTests.MarkdownValidatorWarnsOnUnclosedFence" methodname="MarkdownValidatorWarnsOnUnclosedFence" classname="NowCodeEditorTests" runstate="Runnable" seed="1117413828" result="Passed" start-time="2026-07-03 09:10:15Z" end-time="2026-07-03 09:10:15Z" duration="0.000324" asserts="0">
          <properties>
            <property name="retryIteration" value="0" />
            <property name="repeatIteration" value="0" />
          </properties>
        </test-case>
        <test-case id="1013" name="QuoteWrapsTheSelection" fullname="NowCodeEditorTests.QuoteWrapsTheSelection" methodname="QuoteWrapsTheSelection" classname="NowCodeEditorTests" runstate="Runnable" seed="1134991763" result="Passed" start-time="2026-07-03 09:10:15Z" end-time="2026-07-03 09:10:15Z" duration="0.000326" asserts="0">
          <properties>
            <property name="retryIteration" value="0" />
            <property name="repeatIteration" value="0" />
          </properties>
        </test-case>
        <test-case id="1021" name="ResultReportsValidity" fullname="NowCodeEditorTests.ResultReportsValidity" methodname="ResultReportsValidity" classname="NowCodeEditorTests" runstate="Runnable" seed="1363583754" result="Passed" start-time="2026-07-03 09:10:15Z" end-time="2026-07-03 09:10:15Z" duration="0.001662" asserts="0">
          <properties>
            <property name="retryIteration" value="0" />
            <property name="repeatIteration" value="0" />
          </properties>
        </test-case>
        <test-case id="1015" name="TabIndentsAndShiftTabDedents" fullname="NowCodeEditorTests.TabIndentsAndShiftTabDedents" methodname="TabIndentsAndShiftTabDedents" classname="NowCodeEditorTests" runstate="Runnable" seed="665612607" result="Passed" start-time="2026-07-03 09:10:15Z" end-time="2026-07-03 09:10:15Z" duration="0.000821" asserts="0">
          <properties>
            <property name="retryIteration" value="0" />
            <property name="repeatIteration" value="0" />
          </properties>
        </test-case>
        <test-case id="1010" name="TypingClosingBraceSkipsOverTheAutoClosedOne" fullname="NowCodeEditorTests.TypingClosingBraceSkipsOverTheAutoClosedOne" methodname="TypingClosingBraceSkipsOverTheAutoClosedOne" classname="NowCodeEditorTests" runstate="Runnable" seed="1859101241" result="Passed" start-time="2026-07-03 09:10:15Z" end-time="2026-07-03 09:10:15Z" duration="0.000274" asserts="0">
          <properties>
            <property name="retryIteration" value="0" />
            <property name="repeatIteration" value="0" />
          </properties>
        </test-case>
        <test-case id="1009" name="TypingOpenBraceAutoClosesWithCaretBetween" fullname="NowCodeEditorTests.TypingOpenBraceAutoClosesWithCaretBetween" methodname="TypingOpenBraceAutoClosesWithCaretBetween" classname="NowCodeEditorTests" runstate="Runnable" seed="668409461" result="Passed" start-time="2026-07-03 09:10:15Z" end-time="2026-07-03 09:10:15Z" duration="0.000208" asserts="0">
          <properties>
            <property name="retryIteration" value="0" />
            <property name="repeatIteration" value="0" />
          </properties>
        </test-case>
        <test-case id="1022" name="TypingUnfocusedChangesNothing" fullname="NowCodeEditorTests.TypingUnfocusedChangesNothing" methodname="TypingUnfocusedChangesNothing" classname="NowCodeEditorTests" runstate="Runnable" seed="1697057667" result="Passed" start-time="2026-07-03 09:10:15Z" end-time="2026-07-03 09:10:15Z" duration="0.000176" asserts="0">
          <properties>
            <property name="retryIteration" value="0" />
            <property name="repeatIteration" value="0" />
          </properties>
        </test-case>
        <test-case id="1016" name="UndoAndRedoRoundTrip" fullname="NowCodeEditorTests.UndoAndRedoRoundTrip" methodname="UndoAndRedoRoundTrip" classname="NowCodeEditorTests" runstate="Runnable" seed="2047334358" result="Passed" start-time="2026-07-03 09:10:15Z" end-time="2026-07-03 09:10:15Z" duration="0.000735" asserts="0">
          <properties>
            <property name="retryIteration" value="0" />
            <property name="repeatIteration" value="0" />
          </properties>
        </test-case>
        <test-case id="1024" name="WheelAtEditorEdgeFallsThroughToParentScrollView" fullname="NowCodeEditorTests.WheelAtEditorEdgeFallsThroughToParentScrollView" methodname="WheelAtEditorEdgeFallsThroughToParentScrollView" classname="NowCodeEditorTests" runstate="Runnable" seed="1994071058" result="Passed" start-time="2026-07-03 09:10:15Z" end-time="2026-07-03 09:10:15Z" duration="0.008620" asserts="0">
          <properties>
            <property name="retryIteration" value="0" />
            <property name="repeatIteration" value="0" />
          </properties>
        </test-case>
      </test-suite>
      <test-suite type="TestFixture" id="1025" name="NowControlsAdvancedTests" fullname="NowControlsAdvancedTests" classname="NowControlsAdvancedTests" runstate="Runnable" testcasecount="54" result="Passed" start-time="2026-07-03 09:10:15Z" end-time="2026-07-03 09:10:15Z" duration="0.097789" total="54" passed="54" failed="0" inconclusive="0" skipped="0" asserts="0">
        <properties />
        <test-case id="1027" name="BuiltInControlsRouteVisualsThroughThemeRenderer" fullname="NowControlsAdvancedTests.BuiltInControlsRouteVisualsThroughThemeRenderer" methodname="BuiltInControlsRouteVisualsThroughThemeRenderer" classname="NowControlsAdvancedTests" runstate="Runnable" seed="1399237920" result="Passed" start-time="2026-07-03 09:10:15Z" end-time="2026-07-03 09:10:15Z" duration="0.026315" asserts="0">
          <properties>
            <property name="retryIteration" value="0" />
            <property name="repeatIteration" value="0" />
          </properties>
        </test-case>
        <test-case id="1031" name="ContextMenuClickDeliversByLabelWhenItemsShift" fullname="NowControlsAdvancedTests.ContextMenuClickDeliversByLabelWhenItemsShift" methodname="ContextMenuClickDeliversByLabelWhenItemsShift" classname="NowControlsAdvancedTests" runstate="Runnable" seed="430761165" result="Passed" start-time="2026-07-03 09:10:15Z" end-time="2026-07-03 09:10:15Z" duration="0.003160" asserts="0">
          <properties>
            <property name="retryIteration" value="0" />
            <property name="repeatIteration" value="0" />
          </properties>
        </test-case>
        <test-case id="1028" name="ContextMenuFitsInsideInputSurface" fullname="NowControlsAdvancedTests.ContextMenuFitsInsideInputSurface" methodname="ContextMenuFitsInsideInputSurface" classname="NowControlsAdvancedTests" runstate="Runnable" seed="488652030" result="Passed" start-time="2026-07-03 09:10:15Z" end-time="2026-07-03 09:10:15Z" duration="0.001020" asserts="0">
          <properties>
            <property name="retryIteration" value="0" />
            <property name="repeatIteration" value="0" />
          </properties>
        </test-case>
        <test-case id="1033" name="ContextMenuHoverSwitchesBetweenSiblingSubmenus" fullname="NowControlsAdvancedTests.ContextMenuHoverSwitchesBetweenSiblingSubmenus" methodname="ContextMenuHoverSwitchesBetweenSiblingSubmenus" classname="NowControlsAdvancedTests" runstate="Runnable" seed="194538663" result="Passed" start-time="2026-07-03 09:10:15Z" end-time="2026-07-03 09:10:15Z" duration="0.003294" asserts="0">
          <properties>
            <property name="retryIteration" value="0" />
            <property name="repeatIteration" value="0" />
          </properties>
        </test-case>
        <test-case id="1034" name="ContextMenuKeepsSubmenuOpenWhenAimingThroughSiblingSubmenuRow" fullname="NowControlsAdvancedTests.ContextMenuKeepsSubmenuOpenWhenAimingThroughSiblingSubmenuRow" methodname="ContextMenuKeepsSubmenuOpenWhenAimingThroughSiblingSubmenuRow" classname="NowControlsAdvancedTests" runstate="Runnable" seed="1456427926" result="Passed" start-time="2026-07-03 09:10:15Z" end-time="2026-07-03 09:10:15Z" duration="0.003079" asserts="0">
          <properties>
            <property name="retryIteration" value="0" />
            <property name="repeatIteration" value="0" />
          </properties>
        </test-case>
        <test-case id="1044" name="ContextMenuKeyboardDivesIntoAndOutOfSubmenus" fullname="NowControlsAdvancedTests.ContextMenuKeyboardDivesIntoAndOutOfSubmenus" methodname="ContextMenuKeyboardDivesIntoAndOutOfSubmenus" classname="NowControlsAdvancedTests" runstate="Runnable" seed="1822834730" result="Passed" start-time="2026-07-03 09:10:15Z" end-time="2026-07-03 09:10:15Z" duration="0.002919" asserts="0">
          <properties>
            <property name="retryIteration" value="0" />
            <property name="repeatIteration" value="0" />
          </properties>
        </test-case>
        <test-case id="1043" name="ContextMenuKeyboardNavigatesAndActivatesItems" fullname="NowControlsAdvancedTests.ContextMenuKeyboardNavigatesAndActivatesItems" methodname="ContextMenuKeyboardNavigatesAndActivatesItems" classname="NowControlsAdvancedTests" runstate="Runnable" seed="1531593852" result="Passed" start-time="2026-07-03 09:10:15Z" end-time="2026-07-03 09:10:15Z" duration="0.000486" asserts="0">
          <properties>
            <property name="retryIteration" value="0" />
            <property name="repeatIteration" value="0" />
          </properties>
        </test-case>
        <test-case id="1036" name="ContextMenuNestedSubmenuPingPongsBackRightWhenLeftCannotFit" fullname="NowControlsAdvancedTests.ContextMenuNestedSubmenuPingPongsBackRightWhenLeftCannotFit" methodname="ContextMenuNestedSubmenuPingPongsBackRightWhenLeftCannotFit" classname="NowControlsAdvancedTests" runstate="Runnable" seed="2005493892" result="Passed" start-time="2026-07-03 09:10:15Z" end-time="2026-07-03 09:10:15Z" duration="0.003920" asserts="0">
          <properties>
            <property name="retryIteration" value="0" />
            <property name="repeatIteration" value="0" />
          </properties>
        </test-case>
        <test-case id="1038" name="ContextMenuOpenedInsideOverlayWinsOverThePopupBeneath" fullname="NowControlsAdvancedTests.ContextMenuOpenedInsideOverlayWinsOverThePopupBeneath" methodname="ContextMenuOpenedInsideOverlayWinsOverThePopupBeneath" classname="NowControlsAdvancedTests" runstate="Runnable" seed="817545275" result="Passed" start-time="2026-07-03 09:10:15Z" end-time="2026-07-03 09:10:15Z" duration="0.001275" asserts="0">
          <properties>
            <property name="retryIteration" value="0" />
            <property name="repeatIteration" value="0" />
          </properties>
        </test-case>
        <test-case id="1030" name="ContextMenuSubmenuDeliversNestedItemClick" fullname="NowControlsAdvancedTests.ContextMenuSubmenuDeliversNestedItemClick" methodname="ContextMenuSubmenuDeliversNestedItemClick" classname="NowControlsAdvancedTests" runstate="Runnable" seed="1642311732" result="Passed" start-time="2026-07-03 09:10:15Z" end-time="2026-07-03 09:10:15Z" duration="0.000513" asserts="0">
          <properties>
            <property name="retryIteration" value="0" />
            <property name="repeatIteration" value="0" />
          </properties>
        </test-case>
        <test-case id="1035" name="ContextMenuSubmenuFlipsLeftNearRightEdge" fullname="NowControlsAdvancedTests.ContextMenuSubmenuFlipsLeftNearRightEdge" methodname="ContextMenuSubmenuFlipsLeftNearRightEdge" classname="NowControlsAdvancedTests" runstate="Runnable" seed="1289394635" result="Passed" start-time="2026-07-03 09:10:15Z" end-time="2026-07-03 09:10:15Z" duration="0.000786" asserts="0">
          <properties>
            <property name="retryIteration" value="0" />
            <property name="repeatIteration" value="0" />
          </properties>
        </test-case>
        <test-case id="1032" name="ContextMenuSubmenuSurvivesDiagonalHoverThroughSiblingRows" fullname="NowControlsAdvancedTests.ContextMenuSubmenuSurvivesDiagonalHoverThroughSiblingRows" methodname="ContextMenuSubmenuSurvivesDiagonalHoverThroughSiblingRows" classname="NowControlsAdvancedTests" runstate="Runnable" seed="1701000126" result="Passed" start-time="2026-07-03 09:10:15Z" end-time="2026-07-03 09:10:15Z" duration="0.000737" asserts="0">
          <properties>
            <property name="retryIteration" value="0" />
            <property name="repeatIteration" value="0" />
          </properties>
        </test-case>
        <test-case id="1078" name="DropdownOpensAndAppliesPendingSelection" fullname="NowControlsAdvancedTests.DropdownOpensAndAppliesPendingSelection" methodname="DropdownOpensAndAppliesPendingSelection" classname="NowControlsAdvancedTests" runstate="Runnable" seed="1129636134" result="Passed" start-time="2026-07-03 09:10:15Z" end-time="2026-07-03 09:10:15Z" duration="0.003111" asserts="0">
          <properties>
            <property name="retryIteration" value="0" />
            <property name="repeatIteration" value="0" />
          </properties>
        </test-case>
        <test-case id="1042" name="DropdownPopupClosesOnASecondaryPressOutside" fullname="NowControlsAdvancedTests.DropdownPopupClosesOnASecondaryPressOutside" methodname="DropdownPopupClosesOnASecondaryPressOutside" classname="NowControlsAdvancedTests" runstate="Runnable" seed="1967087766" result="Passed" start-time="2026-07-03 09:10:15Z" end-time="2026-07-03 09:10:15Z" duration="0.000587" asserts="0">
          <properties>
            <property name="retryIteration" value="0" />
            <property name="repeatIteration" value="0" />
          </properties>
        </test-case>
        <test-case id="1048" name="DropdownPopupFitsInsideInputSurfaceByDefault" fullname="NowControlsAdvancedTests.DropdownPopupFitsInsideInputSurfaceByDefault" methodname="DropdownPopupFitsInsideInputSurfaceByDefault" classname="NowControlsAdvancedTests" runstate="Runnable" seed="935261079" result="Passed" start-time="2026-07-03 09:10:15Z" end-time="2026-07-03 09:10:15Z" duration="0.000865" asserts="0">
          <properties>
            <property name="retryIteration" value="0" />
            <property name="repeatIteration" value="0" />
          </properties>
        </test-case>
        <test-case id="1079" name="DropdownPopupSelectsItemInsideTransform" fullname="NowControlsAdvancedTests.DropdownPopupSelectsItemInsideTransform" methodname="DropdownPopupSelectsItemInsideTransform" classname="NowControlsAdvancedTests" runstate="Runnable" seed="267157489" result="Passed" start-time="2026-07-03 09:10:15Z" end-time="2026-07-03 09:10:15Z" duration="0.001548" asserts="0">
          <properties>
            <property name="retryIteration" value="0" />
            <property name="repeatIteration" value="0" />
          </properties>
        </test-case>
        <test-case id="1060" name="NestedTransformsComposeForInput" fullname="NowControlsAdvancedTests.NestedTransformsComposeForInput" methodname="NestedTransformsComposeForInput" classname="NowControlsAdvancedTests" runstate="Runnable" seed="1942377664" result="Passed" start-time="2026-07-03 09:10:15Z" end-time="2026-07-03 09:10:15Z" duration="0.000356" asserts="0">
          <properties>
            <property name="retryIteration" value="0" />
            <property name="repeatIteration" value="0" />
          </properties>
        </test-case>
        <test-case id="1062" name="OverlayBlocksPointerUnderneathNextFrame" fullname="NowControlsAdvancedTests.OverlayBlocksPointerUnderneathNextFrame" methodname="OverlayBlocksPointerUnderneathNextFrame" classname="NowControlsAdvancedTests" runstate="Runnable" seed="1484499417" result="Passed" start-time="2026-07-03 09:10:15Z" end-time="2026-07-03 09:10:15Z" duration="0.000330" asserts="0">
          <properties>
            <property name="retryIteration" value="0" />
            <property name="repeatIteration" value="0" />
          </properties>
        </test-case>
        <test-case id="1064" name="OverlayConcretePopupHitTestIgnoresModalScreenBlock" fullname="NowControlsAdvancedTests.OverlayConcretePopupHitTestIgnoresModalScreenBlock" methodname="OverlayConcretePopupHitTestIgnoresModalScreenBlock" classname="NowControlsAdvancedTests" runstate="Runnable" seed="821964326" result="Passed" start-time="2026-07-03 09:10:15Z" end-time="2026-07-03 09:10:15Z" duration="0.000384" asserts="0">
          <properties>
            <property name="retryIteration" value="0" />
            <property name="repeatIteration" value="0" />
          </properties>
        </test-case>
        <test-case id="1061" name="OverlayDeferredDrawRestoresCapturedTransform" fullname="NowControlsAdvancedTests.OverlayDeferredDrawRestoresCapturedTransform" methodname="OverlayDeferredDrawRestoresCapturedTransform" classname="NowControlsAdvancedTests" runstate="Runnable" seed="1148746988" result="Passed" start-time="2026-07-03 09:10:15Z" end-time="2026-07-03 09:10:15Z" duration="0.001186" asserts="0">
          <properties>
            <property name="retryIteration" value="0" />
            <property name="repeatIteration" value="0" />
          </properties>
        </test-case>
        <test-case id="1059" name="OverlayDeferredDrawRunsAtFlush" fullname="NowControlsAdvancedTests.OverlayDeferredDrawRunsAtFlush" methodname="OverlayDeferredDrawRunsAtFlush" classname="NowControlsAdvancedTests" runstate="Runnable" seed="1732448023" result="Passed" start-time="2026-07-03 09:10:15Z" end-time="2026-07-03 09:10:15Z" duration="0.000514" asserts="0">
          <properties>
            <property name="retryIteration" value="0" />
            <property name="repeatIteration" value="0" />
          </properties>
        </test-case>
        <test-case id="1047" name="OverlayFitToViewAccountsForCurrentTransform" fullname="NowControlsAdvancedTests.OverlayFitToViewAccountsForCurrentTransform" methodname="OverlayFitToViewAccountsForCurrentTransform" classname="NowControlsAdvancedTests" runstate="Runnable" seed="1458825503" result="Passed" start-time="2026-07-03 09:10:15Z" end-time="2026-07-03 09:10:15Z" duration="0.000398" asserts="0">
          <properties>
            <property name="retryIteration" value="0" />
            <property name="repeatIteration" value="0" />
          </properties>
        </test-case>
        <test-case id="1037" name="OverlayPointerBlocksAreScopedToTheirHost" fullname="NowControlsAdvancedTests.OverlayPointerBlocksAreScopedToTheirHost" methodname="OverlayPointerBlocksAreScopedToTheirHost" classname="NowControlsAdvancedTests" runstate="Runnable" seed="938576010" result="Passed" start-time="2026-07-03 09:10:15Z" end-time="2026-07-03 09:10:15Z" duration="0.001244" asserts="0">
          <properties>
            <property name="retryIteration" value="0" />
            <property name="repeatIteration" value="0" />
          </properties>
        </test-case>
        <test-case id="1063" name="OverlayTracksNestedPopupTree" fullname="NowControlsAdvancedTests.OverlayTracksNestedPopupTree" methodname="OverlayTracksNestedPopupTree" classname="NowControlsAdvancedTests" runstate="Runnable" seed="1777511405" result="Passed" start-time="2026-07-03 09:10:15Z" end-time="2026-07-03 09:10:15Z" duration="0.000402" asserts="0">
          <properties>
            <property name="retryIteration" value="0" />
            <property name="repeatIteration" value="0" />
          </properties>
        </test-case>
        <test-case id="1058" name="RaycastPressGateLatchesAtPressTime" fullname="NowControlsAdvancedTests.RaycastPressGateLatchesAtPressTime" methodname="RaycastPressGateLatchesAtPressTime" classname="NowControlsAdvancedTests" runstate="Runnable" seed="1087045537" result="Passed" start-time="2026-07-03 09:10:15Z" end-time="2026-07-03 09:10:15Z" duration="0.000192" asserts="0">
          <properties>
            <property name="retryIteration" value="0" />
            <property name="repeatIteration" value="0" />
          </properties>
        </test-case>
        <test-case id="1041" name="RightClickDoesNotLeakThroughAnOpenOverlay" fullname="NowControlsAdvancedTests.RightClickDoesNotLeakThroughAnOpenOverlay" methodname="RightClickDoesNotLeakThroughAnOpenOverlay" classname="NowControlsAdvancedTests" runstate="Runnable" seed="282716997" result="Passed" start-time="2026-07-03 09:10:15Z" end-time="2026-07-03 09:10:15Z" duration="0.000383" asserts="0">
          <properties>
            <property name="retryIteration" value="0" />
            <property name="repeatIteration" value="0" />
          </properties>
        </test-case>
        <test-case id="1040" name="ScrollingOutsideAContextMenuClosesIt" fullname="NowControlsAdvancedTests.ScrollingOutsideAContextMenuClosesIt" methodname="ScrollingOutsideAContextMenuClosesIt" classname="NowControlsAdvancedTests" runstate="Runnable" seed="1130270958" result="Passed" start-time="2026-07-03 09:10:15Z" end-time="2026-07-03 09:10:15Z" duration="0.000405" asserts="0">
          <properties>
            <property name="retryIteration" value="0" />
            <property name="repeatIteration" value="0" />
          </properties>
        </test-case>
        <test-case id="1065" name="ScrollViewClampsAndStoresScroll" fullname="NowControlsAdvancedTests.ScrollViewClampsAndStoresScroll" methodname="ScrollViewClampsAndStoresScroll" classname="NowControlsAdvancedTests" runstate="Runnable" seed="1296670286" result="Passed" start-time="2026-07-03 09:10:15Z" end-time="2026-07-03 09:10:15Z" duration="0.000491" asserts="0">
          <properties>
            <property name="retryIteration" value="0" />
            <property name="repeatIteration" value="0" />
          </properties>
        </test-case>
        <test-case id="1072" name="ScrollViewDragScrollIgnoresPointerAwayFromEdges" fullname="NowControlsAdvancedTests.ScrollViewDragScrollIgnoresPointerAwayFromEdges" methodname="ScrollViewDragScrollIgnoresPointerAwayFromEdges" classname="NowControlsAdvancedTests" runstate="Runnable" seed="200867541" result="Passed" start-time="2026-07-03 09:10:15Z" end-time="2026-07-03 09:10:15Z" duration="0.001858" asserts="0">
          <properties>
            <property name="retryIteration" value="0" />
            <property name="repeatIteration" value="0" />
          </properties>
        </test-case>
        <test-case id="1071" name="ScrollViewDragScrollsWhenPointerNearsViewportEdge" fullname="NowControlsAdvancedTests.ScrollViewDragScrollsWhenPointerNearsViewportEdge" methodname="ScrollViewDragScrollsWhenPointerNearsViewportEdge" classname="NowControlsAdvancedTests" runstate="Runnable" seed="1441968689" result="Passed" start-time="2026-07-03 09:10:15Z" end-time="2026-07-03 09:10:15Z" duration="0.000337" asserts="0">
          <properties>
            <property name="retryIteration" value="0" />
            <property name="repeatIteration" value="0" />
          </properties>
        </test-case>
        <test-case id="1066" name="ScrollViewDrawsHorizontalScrollbarForWideContent" fullname="NowControlsAdvancedTests.ScrollViewDrawsHorizontalScrollbarForWideContent" methodname="ScrollViewDrawsHorizontalScrollbarForWideContent" classname="NowControlsAdvancedTests" runstate="Runnable" seed="945636299" result="Passed" start-time="2026-07-03 09:10:15Z" end-time="2026-07-03 09:10:15Z" duration="0.000673" asserts="0">
          <properties>
            <property name="retryIteration" value="0" />
            <property name="repeatIteration" value="0" />
          </properties>
        </test-case>
        <test-case id="1070" name="ScrollViewHorizontalWheelUpdatesScrollPosition" fullname="NowControlsAdvancedTests.ScrollViewHorizontalWheelUpdatesScrollPosition" methodname="ScrollViewHorizontalWheelUpdatesScrollPosition" classname="NowControlsAdvancedTests" runstate="Runnable" seed="548617688" result="Passed" start-time="2026-07-03 09:10:15Z" end-time="2026-07-03 09:10:15Z" duration="0.000359" asserts="0">
          <properties>
            <property name="retryIteration" value="0" />
            <property name="repeatIteration" value="0" />
          </properties>
        </test-case>
        <test-case id="1073" name="ScrollViewMiddleClickPansUntilNextPress" fullname="NowControlsAdvancedTests.ScrollViewMiddleClickPansUntilNextPress" methodname="ScrollViewMiddleClickPansUntilNextPress" classname="NowControlsAdvancedTests" runstate="Runnable" seed="821253691" result="Passed" start-time="2026-07-03 09:10:15Z" end-time="2026-07-03 09:10:15Z" duration="0.000842" asserts="0">
          <properties>
            <property name="retryIteration" value="0" />
            <property name="repeatIteration" value="0" />
          </properties>
        </test-case>
        <test-case id="1074" name="ScrollViewMiddleDragPansAndStopsOnRelease" fullname="NowControlsAdvancedTests.ScrollViewMiddleDragPansAndStopsOnRelease" methodname="ScrollViewMiddleDragPansAndStopsOnRelease" classname="NowControlsAdvancedTests" runstate="Runnable" seed="1027962875" result="Passed" start-time="2026-07-03 09:10:15Z" end-time="2026-07-03 09:10:15Z" duration="0.000358" asserts="0">
          <properties>
            <property name="retryIteration" value="0" />
            <property name="repeatIteration" value="0" />
          </properties>
        </test-case>
        <test-case id="1076" name="ScrollViewScrollsFocusedCulledControlIntoView" fullname="NowControlsAdvancedTests.ScrollViewScrollsFocusedCulledControlIntoView" methodname="ScrollViewScrollsFocusedCulledControlIntoView" classname="NowControlsAdvancedTests" runstate="Runnable" seed="566439733" result="Passed" start-time="2026-07-03 09:10:15Z" end-time="2026-07-03 09:10:15Z" duration="0.008320" asserts="0">
          <properties>
            <property name="retryIteration" value="0" />
            <property name="repeatIteration" value="0" />
          </properties>
        </test-case>
        <test-case id="1068" name="ScrollViewVerticalOverflowDoesNotFlashHorizontalBar" fullname="NowControlsAdvancedTests.ScrollViewVerticalOverflowDoesNotFlashHorizontalBar" methodname="ScrollViewVerticalOverflowDoesNotFlashHorizontalBar" classname="NowControlsAdvancedTests" runstate="Runnable" seed="1829340678" result="Passed" start-time="2026-07-03 09:10:15Z" end-time="2026-07-03 09:10:15Z" duration="0.000865" asserts="0">
          <properties>
            <property name="retryIteration" value="0" />
            <property name="repeatIteration" value="0" />
          </properties>
        </test-case>
        <test-case id="1067" name="ScrollViewVerticalScrollbarCanForceHorizontalScrollbar" fullname="NowControlsAdvancedTests.ScrollViewVerticalScrollbarCanForceHorizontalScrollbar" methodname="ScrollViewVerticalScrollbarCanForceHorizontalScrollbar" classname="NowControlsAdvancedTests" runstate="Runnable" seed="685537948" result="Passed" start-time="2026-07-03 09:10:15Z" end-time="2026-07-03 09:10:15Z" duration="0.000786" asserts="0">
          <properties>
            <property name="retryIteration" value="0" />
            <property name="repeatIteration" value="0" />
          </properties>
        </test-case>
        <test-case id="1069" name="ScrollViewViewportGrowthHidesVerticalBarImmediately" fullname="NowControlsAdvancedTests.ScrollViewViewportGrowthHidesVerticalBarImmediately" methodname="ScrollViewViewportGrowthHidesVerticalBarImmediately" classname="NowControlsAdvancedTests" runstate="Runnable" seed="1596195462" result="Passed" start-time="2026-07-03 09:10:15Z" end-time="2026-07-03 09:10:15Z" duration="0.000249" asserts="0">
          <properties>
            <property name="retryIteration" value="0" />
            <property name="repeatIteration" value="0" />
          </properties>
        </test-case>
        <test-case id="1075" name="ScrollViewWheelAtEdgeFallsThroughToParent" fullname="NowControlsAdvancedTests.ScrollViewWheelAtEdgeFallsThroughToParent" methodname="ScrollViewWheelAtEdgeFallsThroughToParent" classname="NowControlsAdvancedTests" runstate="Runnable" seed="943242697" result="Passed" start-time="2026-07-03 09:10:15Z" end-time="2026-07-03 09:10:15Z" duration="0.000499" asserts="0">
          <properties>
            <property name="retryIteration" value="0" />
            <property name="repeatIteration" value="0" />
          </properties>
        </test-case>
        <test-case id="1077" name="ScrollViewWheelCanMoveFocusedControlOutOfView" fullname="NowControlsAdvancedTests.ScrollViewWheelCanMoveFocusedControlOutOfView" methodname="ScrollViewWheelCanMoveFocusedControlOutOfView" classname="NowControlsAdvancedTests" runstate="Runnable" seed="822212939" result="Passed" start-time="2026-07-03 09:10:15Z" end-time="2026-07-03 09:10:15Z" duration="0.000588" asserts="0">
          <properties>
            <property name="retryIteration" value="0" />
            <property name="repeatIteration" value="0" />
          </properties>
        </test-case>
        <test-case id="1046" name="SubmenuAtTheBottomOfAScrolledMenuOpensAndDelivers" fullname="NowControlsAdvancedTests.SubmenuAtTheBottomOfAScrolledMenuOpensAndDelivers" methodname="SubmenuAtTheBottomOfAScrolledMenuOpensAndDelivers" classname="NowControlsAdvancedTests" runstate="Runnable" seed="552377253" result="Passed" start-time="2026-07-03 09:10:15Z" end-time="2026-07-03 09:10:15Z" duration="0.003200" asserts="0">
          <properties>
            <property name="retryIteration" value="0" />
            <property name="repeatIteration" value="0" />
          </properties>
        </test-case>
        <test-case id="1045" name="SubmenuOverlappingItsParentOwnsThePointer" fullname="NowControlsAdvancedTests.SubmenuOverlappingItsParentOwnsThePointer" methodname="SubmenuOverlappingItsParentOwnsThePointer" classname="NowControlsAdvancedTests" runstate="Runnable" seed="623292906" result="Passed" start-time="2026-07-03 09:10:15Z" end-time="2026-07-03 09:10:15Z" duration="0.002446" asserts="0">
          <properties>
            <property name="retryIteration" value="0" />
            <property name="repeatIteration" value="0" />
          </properties>
        </test-case>
        <test-case id="1039" name="TallContextMenuClampsToViewAndScrollsToReachEveryItem" fullname="NowControlsAdvancedTests.TallContextMenuClampsToViewAndScrollsToReachEveryItem" methodname="TallContextMenuClampsToViewAndScrollsToReachEveryItem" classname="NowControlsAdvancedTests" runstate="Runnable" seed="1779325742" result="Passed" start-time="2026-07-03 09:10:15Z" end-time="2026-07-03 09:10:15Z" duration="0.001451" asserts="0">
          <properties>
            <property name="retryIteration" value="0" />
            <property name="repeatIteration" value="0" />
          </properties>
        </test-case>
        <test-case id="1051" name="TextFieldBackspaceDeletes" fullname="NowControlsAdvancedTests.TextFieldBackspaceDeletes" methodname="TextFieldBackspaceDeletes" classname="NowControlsAdvancedTests" runstate="Runnable" seed="1332154083" result="Passed" start-time="2026-07-03 09:10:15Z" end-time="2026-07-03 09:10:15Z" duration="0.001489" asserts="0">
          <properties>
            <property name="retryIteration" value="0" />
            <property name="repeatIteration" value="0" />
          </properties>
        </test-case>
        <test-case id="1056" name="TextFieldClickPlacesCaretAndEscapeBlurs" fullname="NowControlsAdvancedTests.TextFieldClickPlacesCaretAndEscapeBlurs" methodname="TextFieldClickPlacesCaretAndEscapeBlurs" classname="NowControlsAdvancedTests" runstate="Runnable" seed="419675179" result="Passed" start-time="2026-07-03 09:10:15Z" end-time="2026-07-03 09:10:15Z" duration="0.001312" asserts="0">
          <properties>
            <property name="retryIteration" value="0" />
            <property name="repeatIteration" value="0" />
          </properties>
        </test-case>
        <test-case id="1053" name="TextFieldCopyPasteRoundTrip" fullname="NowControlsAdvancedTests.TextFieldCopyPasteRoundTrip" methodname="TextFieldCopyPasteRoundTrip" classname="NowControlsAdvancedTests" runstate="Runnable" seed="713285150" result="Passed" start-time="2026-07-03 09:10:15Z" end-time="2026-07-03 09:10:15Z" duration="0.000519" asserts="0">
          <properties>
            <property name="retryIteration" value="0" />
            <property name="repeatIteration" value="0" />
          </properties>
        </test-case>
        <test-case id="1050" name="TextFieldDiscardsBufferedCharactersWhenFocusedByClick" fullname="NowControlsAdvancedTests.TextFieldDiscardsBufferedCharactersWhenFocusedByClick" methodname="TextFieldDiscardsBufferedCharactersWhenFocusedByClick" classname="NowControlsAdvancedTests" runstate="Runnable" seed="839745636" result="Passed" start-time="2026-07-03 09:10:15Z" end-time="2026-07-03 09:10:15Z" duration="0.000439" asserts="0">
          <properties>
            <property name="retryIteration" value="0" />
            <property name="repeatIteration" value="0" />
          </properties>
        </test-case>
        <test-case id="1054" name="TextFieldDoubleClickDragExtendsByWholeWords" fullname="NowControlsAdvancedTests.TextFieldDoubleClickDragExtendsByWholeWords" methodname="TextFieldDoubleClickDragExtendsByWholeWords" classname="NowControlsAdvancedTests" runstate="Runnable" seed="1096861997" result="Passed" start-time="2026-07-03 09:10:15Z" end-time="2026-07-03 09:10:15Z" duration="0.000509" asserts="0">
          <properties>
            <property name="retryIteration" value="0" />
            <property name="repeatIteration" value="0" />
          </properties>
        </test-case>
        <test-case id="1049" name="TextFieldIgnoresTypingWhenUnfocused" fullname="NowControlsAdvancedTests.TextFieldIgnoresTypingWhenUnfocused" methodname="TextFieldIgnoresTypingWhenUnfocused" classname="NowControlsAdvancedTests" runstate="Runnable" seed="1338997737" result="Passed" start-time="2026-07-03 09:10:15Z" end-time="2026-07-03 09:10:15Z" duration="0.000832" asserts="0">
          <properties>
            <property name="retryIteration" value="0" />
            <property name="repeatIteration" value="0" />
          </properties>
        </test-case>
        <test-case id="1057" name="TextFieldImeCompositionSuppressesKeysAndKeepsText" fullname="NowControlsAdvancedTests.TextFieldImeCompositionSuppressesKeysAndKeepsText" methodname="TextFieldImeCompositionSuppressesKeysAndKeepsText" classname="NowControlsAdvancedTests" runstate="Runnable" seed="1760093807" result="Passed" start-time="2026-07-03 09:10:15Z" end-time="2026-07-03 09:10:15Z" duration="0.001358" asserts="0">
          <properties>
            <property name="retryIteration" value="0" />
            <property name="repeatIteration" value="0" />
          </properties>
        </test-case>
        <test-case id="1052" name="TextFieldSelectAllThenTypeReplaces" fullname="NowControlsAdvancedTests.TextFieldSelectAllThenTypeReplaces" methodname="TextFieldSelectAllThenTypeReplaces" classname="NowControlsAdvancedTests" runstate="Runnable" seed="1072466821" result="Passed" start-time="2026-07-03 09:10:15Z" end-time="2026-07-03 09:10:15Z" duration="0.000210" asserts="0">
          <properties>
            <property name="retryIteration" value="0" />
            <property name="repeatIteration" value="0" />
          </properties>
        </test-case>
        <test-case id="1055" name="TextFieldTripleClickSelectsLine" fullname="NowControlsAdvancedTests.TextFieldTripleClickSelectsLine" methodname="TextFieldTripleClickSelectsLine" classname="NowControlsAdvancedTests" runstate="Runnable" seed="1157133694" result="Passed" start-time="2026-07-03 09:10:15Z" end-time="2026-07-03 09:10:15Z" duration="0.000327" asserts="0">
          <properties>
            <property name="retryIteration" value="0" />
            <property name="repeatIteration" value="0" />
          </properties>
        </test-case>
        <test-case id="1026" name="TextFieldTypesCharactersWhileFocused" fullname="NowControlsAdvancedTests.TextFieldTypesCharactersWhileFocused" methodname="TextFieldTypesCharactersWhileFocused" classname="NowControlsAdvancedTests" runstate="Runnable" seed="1650135048" result="Passed" start-time="2026-07-03 09:10:15Z" end-time="2026-07-03 09:10:15Z" duration="0.000224" asserts="0">
          <properties>
            <property name="retryIteration" value="0" />
            <property name="repeatIteration" value="0" />
          </properties>
        </test-case>
        <test-case id="1029" name="ThemePresetContextMenusStayCompact" fullname="NowControlsAdvancedTests.ThemePresetContextMenusStayCompact" methodname="ThemePresetContextMenusStayCompact" classname="NowControlsAdvancedTests" runstate="Runnable" seed="298829878" result="Passed" start-time="2026-07-03 09:10:15Z" end-time="2026-07-03 09:10:15Z" duration="0.003680" asserts="0">
          <properties>
            <property name="retryIteration" value="0" />
            <property name="repeatIteration" value="0" />
          </properties>
        </test-case>
      </test-suite>
      <test-suite type="TestFixture" id="1080" name="NowControlsTests" fullname="NowControlsTests" classname="NowControlsTests" runstate="Runnable" testcasecount="59" result="Skipped" label="Ignored" start-time="2026-07-03 09:10:15Z" end-time="2026-07-03 09:10:15Z" duration="0.125412" total="59" passed="58" failed="0" inconclusive="0" skipped="1" asserts="0">
        <properties />
        <reason>
          <message><![CDATA[One or more child tests were ignored]]></message>
        </reason>
        <test-case id="1132" name="BeginButtonGrowsToEncompassContent" fullname="NowControlsTests.BeginButtonGrowsToEncompassContent" methodname="BeginButtonGrowsToEncompassContent" classname="NowControlsTests" runstate="Runnable" seed="100873135" result="Passed" start-time="2026-07-03 09:10:15Z" end-time="2026-07-03 09:10:15Z" duration="0.001704" asserts="0">
          <properties>
            <property name="retryIteration" value="0" />
            <property name="repeatIteration" value="0" />
          </properties>
        </test-case>
        <test-case id="1124" name="ButtonBuilderAppliesExplicitNavigation" fullname="NowControlsTests.ButtonBuilderAppliesExplicitNavigation" methodname="ButtonBuilderAppliesExplicitNavigation" classname="NowControlsTests" runstate="Runnable" seed="546490067" result="Passed" start-time="2026-07-03 09:10:15Z" end-time="2026-07-03 09:10:15Z" duration="0.004518" asserts="0">
          <properties>
            <property name="retryIteration" value="0" />
            <property name="repeatIteration" value="0" />
          </properties>
        </test-case>
        <test-case id="1086" name="ButtonClicksOnPressAndReleaseInside" fullname="NowControlsTests.ButtonClicksOnPressAndReleaseInside" methodname="ButtonClicksOnPressAndReleaseInside" classname="NowControlsTests" runstate="Runnable" seed="1144151048" result="Passed" start-time="2026-07-03 09:10:15Z" end-time="2026-07-03 09:10:15Z" duration="0.001547" asserts="0">
          <properties>
            <property name="retryIteration" value="0" />
            <property name="repeatIteration" value="0" />
          </properties>
        </test-case>
        <test-case id="1131" name="ButtonContentScopeReportsClickInside" fullname="NowControlsTests.ButtonContentScopeReportsClickInside" methodname="ButtonContentScopeReportsClickInside" classname="NowControlsTests" runstate="Runnable" seed="109121619" result="Passed" start-time="2026-07-03 09:10:15Z" end-time="2026-07-03 09:10:15Z" duration="0.001340" asserts="0">
          <properties>
            <property name="retryIteration" value="0" />
            <property name="repeatIteration" value="0" />
          </properties>
        </test-case>
        <test-case id="1088" name="ButtonDoesNotClickWhenReleasedOutside" fullname="NowControlsTests.ButtonDoesNotClickWhenReleasedOutside" methodname="ButtonDoesNotClickWhenReleasedOutside" classname="NowControlsTests" runstate="Runnable" seed="1435120658" result="Passed" start-time="2026-07-03 09:10:15Z" end-time="2026-07-03 09:10:15Z" duration="0.000226" asserts="0">
          <properties>
            <property name="retryIteration" value="0" />
            <property name="repeatIteration" value="0" />
          </properties>
        </test-case>
        <test-case id="1090" name="ButtonPressTakesFocus" fullname="NowControlsTests.ButtonPressTakesFocus" methodname="ButtonPressTakesFocus" classname="NowControlsTests" runstate="Runnable" seed="379191705" result="Passed" start-time="2026-07-03 09:10:15Z" end-time="2026-07-03 09:10:15Z" duration="0.000200" asserts="0">
          <properties>
            <property name="retryIteration" value="0" />
            <property name="repeatIteration" value="0" />
          </properties>
        </test-case>
        <test-case id="1126" name="CancelClearsFocus" fullname="NowControlsTests.CancelClearsFocus" methodname="CancelClearsFocus" classname="NowControlsTests" runstate="Runnable" seed="706778919" result="Passed" start-time="2026-07-03 09:10:15Z" end-time="2026-07-03 09:10:15Z" duration="0.000213" asserts="0">
          <properties>
            <property name="retryIteration" value="0" />
            <property name="repeatIteration" value="0" />
          </properties>
        </test-case>
        <test-case id="1133" name="CheckboxContentScopeTogglesInside" fullname="NowControlsTests.CheckboxContentScopeTogglesInside" methodname="CheckboxContentScopeTogglesInside" classname="NowControlsTests" runstate="Runnable" seed="976345854" result="Passed" start-time="2026-07-03 09:10:15Z" end-time="2026-07-03 09:10:15Z" duration="0.002072" asserts="0">
          <properties>
            <property name="retryIteration" value="0" />
            <property name="repeatIteration" value="0" />
          </properties>
        </test-case>
        <test-case id="1094" name="CheckboxTogglesRefValueOnClick" fullname="NowControlsTests.CheckboxTogglesRefValueOnClick" methodname="CheckboxTogglesRefValueOnClick" classname="NowControlsTests" runstate="Runnable" seed="3871775" result="Passed" start-time="2026-07-03 09:10:15Z" end-time="2026-07-03 09:10:15Z" duration="0.000376" asserts="0">
          <properties>
            <property name="retryIteration" value="0" />
            <property name="repeatIteration" value="0" />
          </properties>
        </test-case>
        <test-case id="1099" name="CombineIdIsStableAndNeverZero" fullname="NowControlsTests.CombineIdIsStableAndNeverZero" methodname="CombineIdIsStableAndNeverZero" classname="NowControlsTests" runstate="Runnable" seed="1049673977" result="Passed" start-time="2026-07-03 09:10:15Z" end-time="2026-07-03 09:10:15Z" duration="0.000159" asserts="0">
          <properties>
            <property name="retryIteration" value="0" />
            <property name="repeatIteration" value="0" />
          </properties>
        </test-case>
        <test-case id="1093" name="ControlInteractCanResolveOptionalBuilderIdentity" fullname="NowControlsTests.ControlInteractCanResolveOptionalBuilderIdentity" methodname="ControlInteractCanResolveOptionalBuilderIdentity" classname="NowControlsTests" runstate="Runnable" seed="443134495" result="Passed" start-time="2026-07-03 09:10:15Z" end-time="2026-07-03 09:10:15Z" duration="0.000305" asserts="0">
          <properties>
            <property name="retryIteration" value="0" />
            <property name="repeatIteration" value="0" />
          </properties>
        </test-case>
        <test-case id="1128" name="ControlStateNamedSlotsUseDerivedIds" fullname="NowControlsTests.ControlStateNamedSlotsUseDerivedIds" methodname="ControlStateNamedSlotsUseDerivedIds" classname="NowControlsTests" runstate="Runnable" seed="2095184208" result="Passed" start-time="2026-07-03 09:10:15Z" end-time="2026-07-03 09:10:15Z" duration="0.000325" asserts="0">
          <properties>
            <property name="retryIteration" value="0" />
            <property name="repeatIteration" value="0" />
          </properties>
        </test-case>
        <test-case id="1127" name="ControlStateSlotsPersistAndReset" fullname="NowControlsTests.ControlStateSlotsPersistAndReset" methodname="ControlStateSlotsPersistAndReset" classname="NowControlsTests" runstate="Runnable" seed="1478162855" result="Passed" start-time="2026-07-03 09:10:15Z" end-time="2026-07-03 09:10:15Z" duration="0.000138" asserts="0">
          <properties>
            <property name="retryIteration" value="0" />
            <property name="repeatIteration" value="0" />
          </properties>
        </test-case>
        <test-case id="1085" name="ControlStateWarmupCreatesSlotWithoutOverwritingExistingValue" fullname="NowControlsTests.ControlStateWarmupCreatesSlotWithoutOverwritingExistingValue" methodname="ControlStateWarmupCreatesSlotWithoutOverwritingExistingValue" classname="NowControlsTests" runstate="Runnable" seed="1767902460" result="Passed" start-time="2026-07-03 09:10:15Z" end-time="2026-07-03 09:10:15Z" duration="0.000130" asserts="0">
          <properties>
            <property name="retryIteration" value="0" />
            <property name="repeatIteration" value="0" />
          </properties>
        </test-case>
        <test-case id="1081" name="CornerRadiusUsesNamedCornerOrder" fullname="NowControlsTests.CornerRadiusUsesNamedCornerOrder" methodname="CornerRadiusUsesNamedCornerOrder" classname="NowControlsTests" runstate="Runnable" seed="236680686" result="Passed" start-time="2026-07-03 09:10:15Z" end-time="2026-07-03 09:10:15Z" duration="0.000423" asserts="0">
          <properties>
            <property name="retryIteration" value="0" />
            <property name="repeatIteration" value="0" />
          </properties>
        </test-case>
        <test-case id="1136" name="DefaultThemeIsAvailable" fullname="NowControlsTests.DefaultThemeIsAvailable" methodname="DefaultThemeIsAvailable" classname="NowControlsTests" runstate="Runnable" seed="153423644" result="Passed" start-time="2026-07-03 09:10:15Z" end-time="2026-07-03 09:10:15Z" duration="0.000179" asserts="0">
          <properties>
            <property name="retryIteration" value="0" />
            <property name="repeatIteration" value="0" />
          </properties>
        </test-case>
        <test-case id="1118" name="DirectionalNavigationRemembersCrossAxisOrigin" fullname="NowControlsTests.DirectionalNavigationRemembersCrossAxisOrigin" methodname="DirectionalNavigationRemembersCrossAxisOrigin" classname="NowControlsTests" runstate="Runnable" seed="460214232" result="Passed" start-time="2026-07-03 09:10:15Z" end-time="2026-07-03 09:10:15Z" duration="0.000335" asserts="0">
          <properties>
            <property name="retryIteration" value="0" />
            <property name="repeatIteration" value="0" />
          </properties>
        </test-case>
        <test-case id="1110" name="DirectionalNavigationWithoutFocusStartsAtOppositeEdge" fullname="NowControlsTests.DirectionalNavigationWithoutFocusStartsAtOppositeEdge" methodname="DirectionalNavigationWithoutFocusStartsAtOppositeEdge" classname="NowControlsTests" runstate="Runnable" seed="286176517" result="Passed" start-time="2026-07-03 09:10:15Z" end-time="2026-07-03 09:10:15Z" duration="0.000384" asserts="0">
          <properties>
            <property name="retryIteration" value="0" />
            <property name="repeatIteration" value="0" />
          </properties>
        </test-case>
        <test-case id="1097" name="DuplicateLabelsGetDistinctStableIds" fullname="NowControlsTests.DuplicateLabelsGetDistinctStableIds" methodname="DuplicateLabelsGetDistinctStableIds" classname="NowControlsTests" runstate="Runnable" seed="536775834" result="Passed" start-time="2026-07-03 09:10:15Z" end-time="2026-07-03 09:10:15Z" duration="0.000197" asserts="0">
          <properties>
            <property name="retryIteration" value="0" />
            <property name="repeatIteration" value="0" />
          </properties>
        </test-case>
        <test-case id="1122" name="EdgeFocusSeedingPrefersVisibleControls" fullname="NowControlsTests.EdgeFocusSeedingPrefersVisibleControls" methodname="EdgeFocusSeedingPrefersVisibleControls" classname="NowControlsTests" runstate="Runnable" seed="1656788669" result="Passed" start-time="2026-07-03 09:10:15Z" end-time="2026-07-03 09:10:15Z" duration="0.000248" asserts="0">
          <properties>
            <property name="retryIteration" value="0" />
            <property name="repeatIteration" value="0" />
          </properties>
        </test-case>
        <test-case id="1135" name="EventSystemSelectionSuspendsNowFocus" fullname="NowControlsTests.EventSystemSelectionSuspendsNowFocus" methodname="EventSystemSelectionSuspendsNowFocus" classname="NowControlsTests" runstate="Runnable" seed="830267708" result="Skipped" label="Ignored" start-time="2026-07-03 09:10:15Z" end-time="2026-07-03 09:10:15Z" duration="0.002764" asserts="0">
          <properties>
            <property name="retryIteration" value="0" />
            <property name="repeatIteration" value="0" />
          </properties>
          <reason>
            <message><![CDATA[EventSystem.current unavailable in this environment.]]></message>
          </reason>
        </test-case>
        <test-case id="1117" name="ExplicitDirectionalNavigationFallsBackWhenTargetIsMissing" fullname="NowControlsTests.ExplicitDirectionalNavigationFallsBackWhenTargetIsMissing" methodname="ExplicitDirectionalNavigationFallsBackWhenTargetIsMissing" classname="NowControlsTests" runstate="Runnable" seed="470537747" result="Passed" start-time="2026-07-03 09:10:15Z" end-time="2026-07-03 09:10:15Z" duration="0.000235" asserts="0">
          <properties>
            <property name="retryIteration" value="0" />
            <property name="repeatIteration" value="0" />
          </properties>
        </test-case>
        <test-case id="1116" name="ExplicitDirectionalNavigationOverridesSpatialChoice" fullname="NowControlsTests.ExplicitDirectionalNavigationOverridesSpatialChoice" methodname="ExplicitDirectionalNavigationOverridesSpatialChoice" classname="NowControlsTests" runstate="Runnable" seed="1483545442" result="Passed" start-time="2026-07-03 09:10:15Z" end-time="2026-07-03 09:10:15Z" duration="0.000229" asserts="0">
          <properties>
            <property name="retryIteration" value="0" />
            <property name="repeatIteration" value="0" />
          </properties>
        </test-case>
        <test-case id="1119" name="ExplicitFocusClearsDirectionalNavigationMemory" fullname="NowControlsTests.ExplicitFocusClearsDirectionalNavigationMemory" methodname="ExplicitFocusClearsDirectionalNavigationMemory" classname="NowControlsTests" runstate="Runnable" seed="1256416747" result="Passed" start-time="2026-07-03 09:10:15Z" end-time="2026-07-03 09:10:15Z" duration="0.000172" asserts="0">
          <properties>
            <property name="retryIteration" value="0" />
            <property name="repeatIteration" value="0" />
          </properties>
        </test-case>
        <test-case id="1123" name="ExplicitTabNavigationOverridesRegistrationOrder" fullname="NowControlsTests.ExplicitTabNavigationOverridesRegistrationOrder" methodname="ExplicitTabNavigationOverridesRegistrationOrder" classname="NowControlsTests" runstate="Runnable" seed="967465394" result="Passed" start-time="2026-07-03 09:10:15Z" end-time="2026-07-03 09:10:15Z" duration="0.000428" asserts="0">
          <properties>
            <property name="retryIteration" value="0" />
            <property name="repeatIteration" value="0" />
          </properties>
        </test-case>
        <test-case id="1091" name="FocusedButtonActivatesOnSubmit" fullname="NowControlsTests.FocusedButtonActivatesOnSubmit" methodname="FocusedButtonActivatesOnSubmit" classname="NowControlsTests" runstate="Runnable" seed="656081841" result="Passed" start-time="2026-07-03 09:10:15Z" end-time="2026-07-03 09:10:15Z" duration="0.000279" asserts="0">
          <properties>
            <property name="retryIteration" value="0" />
            <property name="repeatIteration" value="0" />
          </properties>
        </test-case>
        <test-case id="1115" name="HeldDirectionalNavigationRepeatsAfterDelay" fullname="NowControlsTests.HeldDirectionalNavigationRepeatsAfterDelay" methodname="HeldDirectionalNavigationRepeatsAfterDelay" classname="NowControlsTests" runstate="Runnable" seed="1001998630" result="Passed" start-time="2026-07-03 09:10:15Z" end-time="2026-07-03 09:10:15Z" duration="0.000325" asserts="0">
          <properties>
            <property name="retryIteration" value="0" />
            <property name="repeatIteration" value="0" />
          </properties>
        </test-case>
        <test-case id="1120" name="HorizontalMoveUpdatesDirectionalNavigationMemory" fullname="NowControlsTests.HorizontalMoveUpdatesDirectionalNavigationMemory" methodname="HorizontalMoveUpdatesDirectionalNavigationMemory" classname="NowControlsTests" runstate="Runnable" seed="1857075986" result="Passed" start-time="2026-07-03 09:10:15Z" end-time="2026-07-03 09:10:15Z" duration="0.000175" asserts="0">
          <properties>
            <property name="retryIteration" value="0" />
            <property name="repeatIteration" value="0" />
          </properties>
        </test-case>
        <test-case id="1092" name="IdlessControlInteractUsesCallSiteIdentityAcrossFrames" fullname="NowControlsTests.IdlessControlInteractUsesCallSiteIdentityAcrossFrames" methodname="IdlessControlInteractUsesCallSiteIdentityAcrossFrames" classname="NowControlsTests" runstate="Runnable" seed="204094050" result="Passed" start-time="2026-07-03 09:10:15Z" end-time="2026-07-03 09:10:15Z" duration="0.000307" asserts="0">
          <properties>
            <property name="retryIteration" value="0" />
            <property name="repeatIteration" value="0" />
          </properties>
        </test-case>
        <test-case id="1103" name="IdlessInteractClicksAcrossFramesFromOneSite" fullname="NowControlsTests.IdlessInteractClicksAcrossFramesFromOneSite" methodname="IdlessInteractClicksAcrossFramesFromOneSite" classname="NowControlsTests" runstate="Runnable" seed="666544716" result="Passed" start-time="2026-07-03 09:10:15Z" end-time="2026-07-03 09:10:15Z" duration="0.000299" asserts="0">
          <properties>
            <property name="retryIteration" value="0" />
            <property name="repeatIteration" value="0" />
          </properties>
        </test-case>
        <test-case id="1107" name="IdScopesDisambiguateIdenticalLabels" fullname="NowControlsTests.IdScopesDisambiguateIdenticalLabels" methodname="IdScopesDisambiguateIdenticalLabels" classname="NowControlsTests" runstate="Runnable" seed="79018544" result="Passed" start-time="2026-07-03 09:10:15Z" end-time="2026-07-03 09:10:15Z" duration="0.000301" asserts="0">
          <properties>
            <property name="retryIteration" value="0" />
            <property name="repeatIteration" value="0" />
          </properties>
        </test-case>
        <test-case id="1106" name="IntegerSetIdDecouplesIdentityFromLabel" fullname="NowControlsTests.IntegerSetIdDecouplesIdentityFromLabel" methodname="IntegerSetIdDecouplesIdentityFromLabel" classname="NowControlsTests" runstate="Runnable" seed="285364886" result="Passed" start-time="2026-07-03 09:10:15Z" end-time="2026-07-03 09:10:15Z" duration="0.001313" asserts="0">
          <properties>
            <property name="retryIteration" value="0" />
            <property name="repeatIteration" value="0" />
          </properties>
        </test-case>
        <test-case id="1087" name="InteractRequestsRepaintOnlyWhenInteractionStateChanges" fullname="NowControlsTests.InteractRequestsRepaintOnlyWhenInteractionStateChanges" methodname="InteractRequestsRepaintOnlyWhenInteractionStateChanges" classname="NowControlsTests" runstate="Runnable" seed="1723005715" result="Passed" start-time="2026-07-03 09:10:15Z" end-time="2026-07-03 09:10:15Z" duration="0.000285" asserts="0">
          <properties>
            <property name="retryIteration" value="0" />
            <property name="repeatIteration" value="0" />
          </properties>
        </test-case>
        <test-case id="1121" name="NavigationMemoryShiftsWithScrolledContent" fullname="NowControlsTests.NavigationMemoryShiftsWithScrolledContent" methodname="NavigationMemoryShiftsWithScrolledContent" classname="NowControlsTests" runstate="Runnable" seed="181814214" result="Passed" start-time="2026-07-03 09:10:15Z" end-time="2026-07-03 09:10:15Z" duration="0.000283" asserts="0">
          <properties>
            <property name="retryIteration" value="0" />
            <property name="repeatIteration" value="0" />
          </properties>
        </test-case>
        <test-case id="1114" name="NestedOverlayNavigationUsesTopmostLayer" fullname="NowControlsTests.NestedOverlayNavigationUsesTopmostLayer" methodname="NestedOverlayNavigationUsesTopmostLayer" classname="NowControlsTests" runstate="Runnable" seed="1135890951" result="Passed" start-time="2026-07-03 09:10:15Z" end-time="2026-07-03 09:10:15Z" duration="0.000356" asserts="0">
          <properties>
            <property name="retryIteration" value="0" />
            <property name="repeatIteration" value="0" />
          </properties>
        </test-case>
        <test-case id="1102" name="NowIdInteractClicksAcrossFrames" fullname="NowControlsTests.NowIdInteractClicksAcrossFrames" methodname="NowIdInteractClicksAcrossFrames" classname="NowControlsTests" runstate="Runnable" seed="747266072" result="Passed" start-time="2026-07-03 09:10:15Z" end-time="2026-07-03 09:10:15Z" duration="0.000355" asserts="0">
          <properties>
            <property name="retryIteration" value="0" />
            <property name="repeatIteration" value="0" />
          </properties>
        </test-case>
        <test-case id="1101" name="NowIdRejectsReservedOrEmptyExplicitIds" fullname="NowControlsTests.NowIdRejectsReservedOrEmptyExplicitIds" methodname="NowIdRejectsReservedOrEmptyExplicitIds" classname="NowControlsTests" runstate="Runnable" seed="837408975" result="Passed" start-time="2026-07-03 09:10:15Z" end-time="2026-07-03 09:10:15Z" duration="0.000785" asserts="0">
          <properties>
            <property name="retryIteration" value="0" />
            <property name="repeatIteration" value="0" />
          </properties>
        </test-case>
        <test-case id="1100" name="NowIdSupportsStringIntAndDefaultIdentity" fullname="NowControlsTests.NowIdSupportsStringIntAndDefaultIdentity" methodname="NowIdSupportsStringIntAndDefaultIdentity" classname="NowControlsTests" runstate="Runnable" seed="558160952" result="Passed" start-time="2026-07-03 09:10:15Z" end-time="2026-07-03 09:10:15Z" duration="0.000249" asserts="0">
          <properties>
            <property name="retryIteration" value="0" />
            <property name="repeatIteration" value="0" />
          </properties>
        </test-case>
        <test-case id="1112" name="OverlayNavigationIgnoresBaseLayerControls" fullname="NowControlsTests.OverlayNavigationIgnoresBaseLayerControls" methodname="OverlayNavigationIgnoresBaseLayerControls" classname="NowControlsTests" runstate="Runnable" seed="1979751335" result="Passed" start-time="2026-07-03 09:10:15Z" end-time="2026-07-03 09:10:15Z" duration="0.000304" asserts="0">
          <properties>
            <property name="retryIteration" value="0" />
            <property name="repeatIteration" value="0" />
          </properties>
        </test-case>
        <test-case id="1113" name="OverlaySubmitIgnoresFocusedBaseLayerControl" fullname="NowControlsTests.OverlaySubmitIgnoresFocusedBaseLayerControl" methodname="OverlaySubmitIgnoresFocusedBaseLayerControl" classname="NowControlsTests" runstate="Runnable" seed="875583300" result="Passed" start-time="2026-07-03 09:10:15Z" end-time="2026-07-03 09:10:15Z" duration="0.000284" asserts="0">
          <properties>
            <property name="retryIteration" value="0" />
            <property name="repeatIteration" value="0" />
          </properties>
        </test-case>
        <test-case id="1089" name="PassiveMeasurePassMirrorsActiveOccurrenceSalting" fullname="NowControlsTests.PassiveMeasurePassMirrorsActiveOccurrenceSalting" methodname="PassiveMeasurePassMirrorsActiveOccurrenceSalting" classname="NowControlsTests" runstate="Runnable" seed="223049751" result="Passed" start-time="2026-07-03 09:10:15Z" end-time="2026-07-03 09:10:15Z" duration="0.000254" asserts="0">
          <properties>
            <property name="retryIteration" value="0" />
            <property name="repeatIteration" value="0" />
          </properties>
        </test-case>
        <test-case id="1084" name="PressAnimationDoesNotStartDuringPassiveMeasurePass" fullname="NowControlsTests.PressAnimationDoesNotStartDuringPassiveMeasurePass" methodname="PressAnimationDoesNotStartDuringPassiveMeasurePass" classname="NowControlsTests" runstate="Runnable" seed="2031895164" result="Passed" start-time="2026-07-03 09:10:15Z" end-time="2026-07-03 09:10:15Z" duration="0.001392" asserts="0">
          <properties>
            <property name="retryIteration" value="0" />
            <property name="repeatIteration" value="0" />
          </properties>
        </test-case>
        <test-case id="1083" name="PressAnimationStartsOnTriggerAndRequestsRepaint" fullname="NowControlsTests.PressAnimationStartsOnTriggerAndRequestsRepaint" methodname="PressAnimationStartsOnTriggerAndRequestsRepaint" classname="NowControlsTests" runstate="Runnable" seed="1231627745" result="Passed" start-time="2026-07-03 09:10:15Z" end-time="2026-07-03 09:10:15Z" duration="0.000215" asserts="0">
          <properties>
            <property name="retryIteration" value="0" />
            <property name="repeatIteration" value="0" />
          </properties>
        </test-case>
        <test-case id="1134" name="RadioContentScopeReportsClickInside" fullname="NowControlsTests.RadioContentScopeReportsClickInside" methodname="RadioContentScopeReportsClickInside" classname="NowControlsTests" runstate="Runnable" seed="1056907991" result="Passed" start-time="2026-07-03 09:10:15Z" end-time="2026-07-03 09:10:15Z" duration="0.000685" asserts="0">
          <properties>
            <property name="retryIteration" value="0" />
            <property name="repeatIteration" value="0" />
          </properties>
        </test-case>
        <test-case id="1095" name="RadioReportsClickForSelection" fullname="NowControlsTests.RadioReportsClickForSelection" methodname="RadioReportsClickForSelection" classname="NowControlsTests" runstate="Runnable" seed="1811978446" result="Passed" start-time="2026-07-03 09:10:15Z" end-time="2026-07-03 09:10:15Z" duration="0.000348" asserts="0">
          <properties>
            <property name="retryIteration" value="0" />
            <property name="repeatIteration" value="0" />
          </properties>
        </test-case>
        <test-case id="1130" name="RepeatNamedKeysUseSeparateSlots" fullname="NowControlsTests.RepeatNamedKeysUseSeparateSlots" methodname="RepeatNamedKeysUseSeparateSlots" classname="NowControlsTests" runstate="Runnable" seed="1010187288" result="Passed" start-time="2026-07-03 09:10:15Z" end-time="2026-07-03 09:10:15Z" duration="0.000193" asserts="0">
          <properties>
            <property name="retryIteration" value="0" />
            <property name="repeatIteration" value="0" />
          </properties>
        </test-case>
        <test-case id="1129" name="RepeatPulsesOnInitialPress" fullname="NowControlsTests.RepeatPulsesOnInitialPress" methodname="RepeatPulsesOnInitialPress" classname="NowControlsTests" runstate="Runnable" seed="1580059279" result="Passed" start-time="2026-07-03 09:10:15Z" end-time="2026-07-03 09:10:15Z" duration="0.000149" asserts="0">
          <properties>
            <property name="retryIteration" value="0" />
            <property name="repeatIteration" value="0" />
          </properties>
        </test-case>
        <test-case id="1104" name="SameLabelDifferentCallSitesAreDistinctControls" fullname="NowControlsTests.SameLabelDifferentCallSitesAreDistinctControls" methodname="SameLabelDifferentCallSitesAreDistinctControls" classname="NowControlsTests" runstate="Runnable" seed="426744599" result="Passed" start-time="2026-07-03 09:10:15Z" end-time="2026-07-03 09:10:15Z" duration="0.000335" asserts="0">
          <properties>
            <property name="retryIteration" value="0" />
            <property name="repeatIteration" value="0" />
          </properties>
        </test-case>
        <test-case id="1098" name="SameSiteLoopButtonsDoNotShareActivation" fullname="NowControlsTests.SameSiteLoopButtonsDoNotShareActivation" methodname="SameSiteLoopButtonsDoNotShareActivation" classname="NowControlsTests" runstate="Runnable" seed="746736419" result="Passed" start-time="2026-07-03 09:10:15Z" end-time="2026-07-03 09:10:15Z" duration="0.000357" asserts="0">
          <properties>
            <property name="retryIteration" value="0" />
            <property name="repeatIteration" value="0" />
          </properties>
        </test-case>
        <test-case id="1108" name="ScopedContentControlsKeepSeparateLayoutCaches" fullname="NowControlsTests.ScopedContentControlsKeepSeparateLayoutCaches" methodname="ScopedContentControlsKeepSeparateLayoutCaches" classname="NowControlsTests" runstate="Runnable" seed="474288694" result="Passed" start-time="2026-07-03 09:10:15Z" end-time="2026-07-03 09:10:15Z" duration="0.000499" asserts="0">
          <properties>
            <property name="retryIteration" value="0" />
            <property name="repeatIteration" value="0" />
          </properties>
        </test-case>
        <test-case id="1125" name="ScrollRegionKeepsCulledControlsNavigable" fullname="NowControlsTests.ScrollRegionKeepsCulledControlsNavigable" methodname="ScrollRegionKeepsCulledControlsNavigable" classname="NowControlsTests" runstate="Runnable" seed="1380311349" result="Passed" start-time="2026-07-03 09:10:15Z" end-time="2026-07-03 09:10:15Z" duration="0.000273" asserts="0">
          <properties>
            <property name="retryIteration" value="0" />
            <property name="repeatIteration" value="0" />
          </properties>
        </test-case>
        <test-case id="1138" name="ScrollScopeOffsetSetterClampsToContentRange" fullname="NowControlsTests.ScrollScopeOffsetSetterClampsToContentRange" methodname="ScrollScopeOffsetSetterClampsToContentRange" classname="NowControlsTests" runstate="Runnable" seed="710750277" result="Passed" start-time="2026-07-03 09:10:15Z" end-time="2026-07-03 09:10:15Z" duration="0.000579" asserts="0">
          <properties>
            <property name="retryIteration" value="0" />
            <property name="repeatIteration" value="0" />
          </properties>
        </test-case>
        <test-case id="1139" name="ScrollScopeScrollToEndPersistsAcrossFrames" fullname="NowControlsTests.ScrollScopeScrollToEndPersistsAcrossFrames" methodname="ScrollScopeScrollToEndPersistsAcrossFrames" classname="NowControlsTests" runstate="Runnable" seed="2041067691" result="Passed" start-time="2026-07-03 09:10:15Z" end-time="2026-07-03 09:10:15Z" duration="0.000360" asserts="0">
          <properties>
            <property name="retryIteration" value="0" />
            <property name="repeatIteration" value="0" />
          </properties>
        </test-case>
        <test-case id="1105" name="SetIdDecouplesIdentityFromLabel" fullname="NowControlsTests.SetIdDecouplesIdentityFromLabel" methodname="SetIdDecouplesIdentityFromLabel" classname="NowControlsTests" runstate="Runnable" seed="1022045291" result="Passed" start-time="2026-07-03 09:10:15Z" end-time="2026-07-03 09:10:15Z" duration="0.000307" asserts="0">
          <properties>
            <property name="retryIteration" value="0" />
            <property name="repeatIteration" value="0" />
          </properties>
        </test-case>
        <test-case id="1096" name="SliderDragsValueFromPointer" fullname="NowControlsTests.SliderDragsValueFromPointer" methodname="SliderDragsValueFromPointer" classname="NowControlsTests" runstate="Runnable" seed="2137274431" result="Passed" start-time="2026-07-03 09:10:15Z" end-time="2026-07-03 09:10:15Z" duration="0.000302" asserts="0">
          <properties>
            <property name="retryIteration" value="0" />
            <property name="repeatIteration" value="0" />
          </properties>
        </test-case>
        <test-case id="1109" name="SpatialNavigationMovesFocusRight" fullname="NowControlsTests.SpatialNavigationMovesFocusRight" methodname="SpatialNavigationMovesFocusRight" classname="NowControlsTests" runstate="Runnable" seed="1821343202" result="Passed" start-time="2026-07-03 09:10:15Z" end-time="2026-07-03 09:10:15Z" duration="0.000240" asserts="0">
          <properties>
            <property name="retryIteration" value="0" />
            <property name="repeatIteration" value="0" />
          </properties>
        </test-case>
        <test-case id="1111" name="TabNavigationCyclesByRegistrationOrder" fullname="NowControlsTests.TabNavigationCyclesByRegistrationOrder" methodname="TabNavigationCyclesByRegistrationOrder" classname="NowControlsTests" runstate="Runnable" seed="1165372649" result="Passed" start-time="2026-07-03 09:10:15Z" end-time="2026-07-03 09:10:15Z" duration="0.000345" asserts="0">
          <properties>
            <property name="retryIteration" value="0" />
            <property name="repeatIteration" value="0" />
          </properties>
        </test-case>
[...]
          <properties>
            <property name="retryIteration" value="0" />
            <property name="repeatIteration" value="0" />
          </properties>
        </test-case>
        <test-case id="1748" name="WorldContextMenuOverhangDoesNotClickSurfaceBehind" fullname="NowWorldGraphicTests.WorldContextMenuOverhangDoesNotClickSurfaceBehind" methodname="WorldContextMenuOverhangDoesNotClickSurfaceBehind" classname="NowWorldGraphicTests" runstate="Runnable" seed="1148060242" result="Passed" start-time="2026-07-03 09:10:20Z" end-time="2026-07-03 09:10:20Z" duration="0.001030" asserts="0">
          <properties>
            <property name="retryIteration" value="0" />
            <property name="repeatIteration" value="0" />
          </properties>
        </test-case>
        <test-case id="1767" name="WorldDeformerCanMoveVerticesInLocalZ" fullname="NowWorldGraphicTests.WorldDeformerCanMoveVerticesInLocalZ" methodname="WorldDeformerCanMoveVerticesInLocalZ" classname="NowWorldGraphicTests" runstate="Runnable" seed="792211189" result="Passed" start-time="2026-07-03 09:10:20Z" end-time="2026-07-03 09:10:20Z" duration="0.000733" asserts="0">
          <properties>
            <property name="retryIteration" value="0" />
            <property name="repeatIteration" value="0" />
          </properties>
        </test-case>
        <test-case id="1766" name="WorldGlassBackdropCollectsWorldGraphicsBehindRequester" fullname="NowWorldGraphicTests.WorldGlassBackdropCollectsWorldGraphicsBehindRequester" methodname="WorldGlassBackdropCollectsWorldGraphicsBehindRequester" classname="NowWorldGraphicTests" runstate="Runnable" seed="1371450903" result="Passed" start-time="2026-07-03 09:10:20Z" end-time="2026-07-03 09:10:20Z" duration="0.001648" asserts="0">
          <properties>
            <property name="retryIteration" value="0" />
            <property name="repeatIteration" value="0" />
          </properties>
        </test-case>
        <test-case id="1765" name="WorldGlassBackdropModeNormalizesLegacyValues" fullname="NowWorldGraphicTests.WorldGlassBackdropModeNormalizesLegacyValues" methodname="WorldGlassBackdropModeNormalizesLegacyValues" classname="NowWorldGraphicTests" runstate="Runnable" seed="404706215" result="Passed" start-time="2026-07-03 09:10:20Z" end-time="2026-07-03 09:10:20Z" duration="0.000325" asserts="0">
          <properties>
            <property name="retryIteration" value="0" />
            <property name="repeatIteration" value="0" />
          </properties>
        </test-case>
        <test-case id="1764" name="WorldGlassMaterialFollowsBackdropMode" fullname="NowWorldGraphicTests.WorldGlassMaterialFollowsBackdropMode" methodname="WorldGlassMaterialFollowsBackdropMode" classname="NowWorldGraphicTests" runstate="Runnable" seed="658167581" result="Passed" start-time="2026-07-03 09:10:20Z" end-time="2026-07-03 09:10:20Z" duration="0.000440" asserts="0">
          <properties>
            <property name="retryIteration" value="0" />
            <property name="repeatIteration" value="0" />
          </properties>
        </test-case>
        <test-case id="1761" name="WorldGraphicAnimationCurveFieldClickAddsPopupGeometry" fullname="NowWorldGraphicTests.WorldGraphicAnimationCurveFieldClickAddsPopupGeometry" methodname="WorldGraphicAnimationCurveFieldClickAddsPopupGeometry" classname="NowWorldGraphicTests" runstate="Runnable" seed="1207633873" result="Passed" start-time="2026-07-03 09:10:20Z" end-time="2026-07-03 09:10:20Z" duration="0.002426" asserts="0">
          <properties>
            <property name="retryIteration" value="0" />
            <property name="repeatIteration" value="0" />
          </properties>
        </test-case>
        <test-case id="1742" name="WorldGraphicAntiAliasSmoothingLowersCaptureScale" fullname="NowWorldGraphicTests.WorldGraphicAntiAliasSmoothingLowersCaptureScale" methodname="WorldGraphicAntiAliasSmoothingLowersCaptureScale" classname="NowWorldGraphicTests" runstate="Runnable" seed="1147454381" result="Passed" start-time="2026-07-03 09:10:20Z" end-time="2026-07-03 09:10:20Z" duration="0.000879" asserts="0">
          <properties>
            <property name="retryIteration" value="0" />
            <property name="repeatIteration" value="0" />
          </properties>
        </test-case>
        <test-case id="1744" name="WorldGraphicCanAutoSizeLayoutHeightFromFixedWidth" fullname="NowWorldGraphicTests.WorldGraphicCanAutoSizeLayoutHeightFromFixedWidth" methodname="WorldGraphicCanAutoSizeLayoutHeightFromFixedWidth" classname="NowWorldGraphicTests" runstate="Runnable" seed="732235942" result="Passed" start-time="2026-07-03 09:10:20Z" end-time="2026-07-03 09:10:20Z" duration="0.000523" asserts="0">
          <properties>
            <property name="retryIteration" value="0" />
            <property name="repeatIteration" value="0" />
          </properties>
        </test-case>
        <test-case id="1743" name="WorldGraphicCanAutoSizeToLayoutContent" fullname="NowWorldGraphicTests.WorldGraphicCanAutoSizeToLayoutContent" methodname="WorldGraphicCanAutoSizeToLayoutContent" classname="NowWorldGraphicTests" runstate="Runnable" seed="1952382378" result="Passed" start-time="2026-07-03 09:10:20Z" end-time="2026-07-03 09:10:20Z" duration="0.000263" asserts="0">
          <properties>
            <property name="retryIteration" value="0" />
            <property name="repeatIteration" value="0" />
          </properties>
        </test-case>
        <test-case id="1760" name="WorldGraphicInputIgnoresOuterTransformStack" fullname="NowWorldGraphicTests.WorldGraphicInputIgnoresOuterTransformStack" methodname="WorldGraphicInputIgnoresOuterTransformStack" classname="NowWorldGraphicTests" runstate="Runnable" seed="1179365370" result="Passed" start-time="2026-07-03 09:10:20Z" end-time="2026-07-03 09:10:20Z" duration="0.000539" asserts="0">
          <properties>
            <property name="retryIteration" value="0" />
            <property name="repeatIteration" value="0" />
          </properties>
        </test-case>
        <test-case id="1746" name="WorldGraphicRebuildIsAllocationFreeAfterWarmup" fullname="NowWorldGraphicTests.WorldGraphicRebuildIsAllocationFreeAfterWarmup" methodname="WorldGraphicRebuildIsAllocationFreeAfterWarmup" classname="NowWorldGraphicTests" runstate="Runnable" seed="707310358" result="Passed" start-time="2026-07-03 09:10:20Z" end-time="2026-07-03 09:10:20Z" duration="0.000382" asserts="0">
          <properties>
            <property name="retryIteration" value="0" />
            <property name="repeatIteration" value="0" />
          </properties>
        </test-case>
        <test-case id="1759" name="WorldGraphicScopesControlsPerInstance" fullname="NowWorldGraphicTests.WorldGraphicScopesControlsPerInstance" methodname="WorldGraphicScopesControlsPerInstance" classname="NowWorldGraphicTests" runstate="Runnable" seed="1743818081" result="Passed" start-time="2026-07-03 09:10:20Z" end-time="2026-07-03 09:10:20Z" duration="0.000494" asserts="0">
          <properties>
            <property name="retryIteration" value="0" />
            <property name="repeatIteration" value="0" />
          </properties>
        </test-case>
        <test-case id="1745" name="WorldGraphicSkipsRebuildWhenOutsideTargetCameraFrustum" fullname="NowWorldGraphicTests.WorldGraphicSkipsRebuildWhenOutsideTargetCameraFrustum" methodname="WorldGraphicSkipsRebuildWhenOutsideTargetCameraFrustum" classname="NowWorldGraphicTests" runstate="Runnable" seed="1523420002" result="Passed" start-time="2026-07-03 09:10:20Z" end-time="2026-07-03 09:10:20Z" duration="0.000672" asserts="0">
          <properties>
            <property name="retryIteration" value="0" />
            <property name="repeatIteration" value="0" />
          </properties>
        </test-case>
        <test-case id="1741" name="WorldGraphicUsesProjectedPixelsPerUiUnitForCapture" fullname="NowWorldGraphicTests.WorldGraphicUsesProjectedPixelsPerUiUnitForCapture" methodname="WorldGraphicUsesProjectedPixelsPerUiUnitForCapture" classname="NowWorldGraphicTests" runstate="Runnable" seed="53075313" result="Passed" start-time="2026-07-03 09:10:20Z" end-time="2026-07-03 09:10:20Z" duration="0.000491" asserts="0">
          <properties>
            <property name="retryIteration" value="0" />
            <property name="repeatIteration" value="0" />
          </properties>
        </test-case>
        <test-case id="1755" name="WorldInputBlockedFreshPressDoesNotReusePreviousHover" fullname="NowWorldGraphicTests.WorldInputBlockedFreshPressDoesNotReusePreviousHover" methodname="WorldInputBlockedFreshPressDoesNotReusePreviousHover" classname="NowWorldGraphicTests" runstate="Runnable" seed="1580291733" result="Passed" start-time="2026-07-03 09:10:20Z" end-time="2026-07-03 09:10:20Z" duration="0.000958" asserts="0">
          <properties>
            <property name="retryIteration" value="0" />
            <property name="repeatIteration" value="0" />
          </properties>
        </test-case>
        <test-case id="1756" name="WorldInputBlockedReleaseKeepsCapturedPointer" fullname="NowWorldGraphicTests.WorldInputBlockedReleaseKeepsCapturedPointer" methodname="WorldInputBlockedReleaseKeepsCapturedPointer" classname="NowWorldGraphicTests" runstate="Runnable" seed="631746487" result="Passed" start-time="2026-07-03 09:10:20Z" end-time="2026-07-03 09:10:20Z" duration="0.000689" asserts="0">
          <properties>
            <property name="retryIteration" value="0" />
            <property name="repeatIteration" value="0" />
          </properties>
        </test-case>
        <test-case id="1751" name="WorldInputMapsCameraRayToSurfaceCoordinates" fullname="NowWorldGraphicTests.WorldInputMapsCameraRayToSurfaceCoordinates" methodname="WorldInputMapsCameraRayToSurfaceCoordinates" classname="NowWorldGraphicTests" runstate="Runnable" seed="1270460271" result="Passed" start-time="2026-07-03 09:10:20Z" end-time="2026-07-03 09:10:20Z" duration="0.000524" asserts="0">
          <properties>
            <property name="retryIteration" value="0" />
            <property name="repeatIteration" value="0" />
          </properties>
        </test-case>
        <test-case id="1758" name="WorldInputReleaseOutsideSurfaceClearsActiveInteraction" fullname="NowWorldGraphicTests.WorldInputReleaseOutsideSurfaceClearsActiveInteraction" methodname="WorldInputReleaseOutsideSurfaceClearsActiveInteraction" classname="NowWorldGraphicTests" runstate="Runnable" seed="1794105517" result="Passed" start-time="2026-07-03 09:10:20Z" end-time="2026-07-03 09:10:20Z" duration="0.000626" asserts="0">
          <properties>
            <property name="retryIteration" value="0" />
            <property name="repeatIteration" value="0" />
          </properties>
        </test-case>
        <test-case id="1757" name="WorldInputSceneOccludedRejectsSceneBlockedRay" fullname="NowWorldGraphicTests.WorldInputSceneOccludedRejectsSceneBlockedRay" methodname="WorldInputSceneOccludedRejectsSceneBlockedRay" classname="NowWorldGraphicTests" runstate="Runnable" seed="396356200" result="Passed" start-time="2026-07-03 09:10:20Z" end-time="2026-07-03 09:10:20Z" duration="0.001889" asserts="0">
          <properties>
            <property name="retryIteration" value="0" />
            <property name="repeatIteration" value="0" />
          </properties>
        </test-case>
        <test-case id="1752" name="WorldInputUsesFrontMostGraphicAtScreenPoint" fullname="NowWorldGraphicTests.WorldInputUsesFrontMostGraphicAtScreenPoint" methodname="WorldInputUsesFrontMostGraphicAtScreenPoint" classname="NowWorldGraphicTests" runstate="Runnable" seed="220577966" result="Passed" start-time="2026-07-03 09:10:20Z" end-time="2026-07-03 09:10:20Z" duration="0.000514" asserts="0">
          <properties>
            <property name="retryIteration" value="0" />
            <property name="repeatIteration" value="0" />
          </properties>
        </test-case>
        <test-case id="1739" name="WorldMeshMapsUiCoordinatesToLocalSpace" fullname="NowWorldGraphicTests.WorldMeshMapsUiCoordinatesToLocalSpace" methodname="WorldMeshMapsUiCoordinatesToLocalSpace" classname="NowWorldGraphicTests" runstate="Runnable" seed="743051743" result="Passed" start-time="2026-07-03 09:10:20Z" end-time="2026-07-03 09:10:20Z" duration="0.000531" asserts="0">
          <properties>
            <property name="retryIteration" value="0" />
            <property name="repeatIteration" value="0" />
          </properties>
        </test-case>
        <test-case id="1750" name="WorldPopupClampShrinksToProjectedCameraView" fullname="NowWorldGraphicTests.WorldPopupClampShrinksToProjectedCameraView" methodname="WorldPopupClampShrinksToProjectedCameraView" classname="NowWorldGraphicTests" runstate="Runnable" seed="731070858" result="Passed" start-time="2026-07-03 09:10:20Z" end-time="2026-07-03 09:10:20Z" duration="0.000877" asserts="0">
          <properties>
            <property name="retryIteration" value="0" />
            <property name="repeatIteration" value="0" />
          </properties>
        </test-case>
        <test-case id="1762" name="WorldPopupFitMovesRectIntoCameraViewOnSamePlane" fullname="NowWorldGraphicTests.WorldPopupFitMovesRectIntoCameraViewOnSamePlane" methodname="WorldPopupFitMovesRectIntoCameraViewOnSamePlane" classname="NowWorldGraphicTests" runstate="Runnable" seed="2119368932" result="Passed" start-time="2026-07-03 09:10:20Z" end-time="2026-07-03 09:10:20Z" duration="0.000626" asserts="0">
          <properties>
            <property name="retryIteration" value="0" />
            <property name="repeatIteration" value="0" />
          </properties>
        </test-case>
        <test-case id="1740" name="WorldRendererPreservesMaterialBatches" fullname="NowWorldGraphicTests.WorldRendererPreservesMaterialBatches" methodname="WorldRendererPreservesMaterialBatches" classname="NowWorldGraphicTests" runstate="Runnable" seed="853382042" result="Passed" start-time="2026-07-03 09:10:20Z" end-time="2026-07-03 09:10:20Z" duration="0.000494" asserts="0">
          <properties>
            <property name="retryIteration" value="0" />
            <property name="repeatIteration" value="0" />
          </properties>
        </test-case>
      </test-suite>
      <test-suite type="TestFixture" id="1768" name="Simple" fullname="Simple" classname="Simple" runstate="Runnable" testcasecount="9" result="Passed" start-time="2026-07-03 09:10:20Z" end-time="2026-07-03 09:10:20Z" duration="0.004172" total="9" passed="9" failed="0" inconclusive="0" skipped="0" asserts="0">
        <properties />
        <test-case id="1776" name="FontCanResolveSupplementaryPlaneGlyphs" fullname="Simple.FontCanResolveSupplementaryPlaneGlyphs" methodname="FontCanResolveSupplementaryPlaneGlyphs" classname="Simple" runstate="Runnable" seed="1035853067" result="Passed" start-time="2026-07-03 09:10:20Z" end-time="2026-07-03 09:10:20Z" duration="0.000529" asserts="0">
          <properties>
            <property name="retryIteration" value="0" />
            <property name="repeatIteration" value="0" />
          </properties>
        </test-case>
        <test-case id="1774" name="FontMeasureFallsBackWhenPreparedPrimaryFontMissesGlyph" fullname="Simple.FontMeasureFallsBackWhenPreparedPrimaryFontMissesGlyph" methodname="FontMeasureFallsBackWhenPreparedPrimaryFontMissesGlyph" classname="Simple" runstate="Runnable" seed="1157460169" result="Passed" start-time="2026-07-03 09:10:20Z" end-time="2026-07-03 09:10:20Z" duration="0.000623" asserts="0">
          <properties>
            <property name="retryIteration" value="0" />
            <property name="repeatIteration" value="0" />
          </properties>
        </test-case>
        <test-case id="1777" name="FontMeasuresTextBoundsUsingGlyphPlanes" fullname="Simple.FontMeasuresTextBoundsUsingGlyphPlanes" methodname="FontMeasuresTextBoundsUsingGlyphPlanes" classname="Simple" runstate="Runnable" seed="1787603526" result="Passed" start-time="2026-07-03 09:10:20Z" end-time="2026-07-03 09:10:20Z" duration="0.000638" asserts="0">
          <properties>
            <property name="retryIteration" value="0" />
            <property name="repeatIteration" value="0" />
          </properties>
        </test-case>
        <test-case id="1773" name="FontMeasuresTextUsingGlyphAdvances" fullname="Simple.FontMeasuresTextUsingGlyphAdvances" methodname="FontMeasuresTextUsingGlyphAdvances" classname="Simple" runstate="Runnable" seed="1843297310" result="Passed" start-time="2026-07-03 09:10:20Z" end-time="2026-07-03 09:10:20Z" duration="0.000385" asserts="0">
          <properties>
            <property name="retryIteration" value="0" />
            <property name="repeatIteration" value="0" />
          </properties>
        </test-case>
        <test-case id="1771" name="FontNormalizesAtlasBounds" fullname="Simple.FontNormalizesAtlasBounds" methodname="FontNormalizesAtlasBounds" classname="Simple" runstate="Runnable" seed="1860116367" result="Passed" start-time="2026-07-03 09:10:20Z" end-time="2026-07-03 09:10:20Z" duration="0.000408" asserts="0">
          <properties>
            <property name="retryIteration" value="0" />
            <property name="repeatIteration" value="0" />
          </properties>
        </test-case>
        <test-case id="1775" name="FontReadsSurrogatePairAsSingleCodepoint" fullname="Simple.FontReadsSurrogatePairAsSingleCodepoint" methodname="FontReadsSurrogatePairAsSingleCodepoint" classname="Simple" runstate="Runnable" seed="1044653594" result="Passed" start-time="2026-07-03 09:10:20Z" end-time="2026-07-03 09:10:20Z" duration="0.000085" asserts="0">
          <properties>
            <property name="retryIteration" value="0" />
            <property name="repeatIteration" value="0" />
          </properties>
        </test-case>
        <test-case id="1770" name="FontReturnsFalseWhenAtlasDataIsMissing" fullname="Simple.FontReturnsFalseWhenAtlasDataIsMissing" methodname="FontReturnsFalseWhenAtlasDataIsMissing" classname="Simple" runstate="Runnable" seed="540028224" result="Passed" start-time="2026-07-03 09:10:20Z" end-time="2026-07-03 09:10:20Z" duration="0.000134" asserts="0">
          <properties>
            <property name="retryIteration" value="0" />
            <property name="repeatIteration" value="0" />
          </properties>
        </test-case>
        <test-case id="1772" name="FontSupportsSparseGlyphRanges" fullname="Simple.FontSupportsSparseGlyphRanges" methodname="FontSupportsSparseGlyphRanges" classname="Simple" runstate="Runnable" seed="644267904" result="Passed" start-time="2026-07-03 09:10:20Z" end-time="2026-07-03 09:10:20Z" duration="0.000369" asserts="0">
          <properties>
            <property name="retryIteration" value="0" />
            <property name="repeatIteration" value="0" />
          </properties>
        </test-case>
        <test-case id="1769" name="StaticListEnsureCapacityPreservesExistingValues" fullname="Simple.StaticListEnsureCapacityPreservesExistingValues" methodname="StaticListEnsureCapacityPreservesExistingValues" classname="Simple" runstate="Runnable" seed="1665561821" result="Passed" start-time="2026-07-03 09:10:20Z" end-time="2026-07-03 09:10:20Z" duration="0.000111" asserts="0">
          <properties>
            <property name="retryIteration" value="0" />
            <property name="repeatIteration" value="0" />
          </properties>
          <output><![CDATA[Saving results to: C:/Users/blenm/AppData/LocalLow/DefaultCompany/Now-UI-Unity\TestResults.xml
]]></output>
        </test-case>
      </test-suite>
    </test-suite>
  </test-suite>
</test-run>